[2025-01-24 10:25:01] ERROR [extraction_endpoints] [extraction.py:56] Error creating extraction job: 'id'
[2025-01-24 10:27:22] ERROR [extraction_endpoints] [extraction.py:56] Error creating extraction job: 'id'
[2025-01-24 10:28:04] ERROR [extraction_endpoints] [extraction.py:56] Error creating extraction job: 'id'
[2025-01-24 10:28:36] ERROR [extraction_endpoints] [extraction.py:56] Error creating extraction job: 'id'
[2025-01-24 10:30:33] ERROR [extraction_endpoints] [extraction.py:56] Error creating extraction job: 'id'
[2025-01-24 10:33:07] INFO [extraction_endpoints] [extraction.py:36] Starting extraction with request: urls=['https://www.kunochi.com/'] prompt='extract the header' extraction_schema=None enable_web_search=True
[2025-01-24 10:33:07] INFO [extraction_endpoints] [extraction.py:37] Current user: {'user_id': 'user_2rUfnyh68uZAwot0qzRLALTdVOc', 'email': None, 'name': None}
[2025-01-24 10:33:07] ERROR [extraction_endpoints] [extraction.py:59] Error creating extraction job: 'id'
Traceback (most recent call last):
  File "/Users/arekhalpern/Code/soloprojects/2025/elucide/backend/app/api/v1/endpoints/extraction.py", line 49, in create_extraction
    user_id=current_user["id"]
            ~~~~~~~~~~~~^^^^^^
KeyError: 'id'
[2025-01-24 10:33:07] ERROR [extraction_endpoints] [extraction.py:60] Request data: {'urls': ['https://www.kunochi.com/'], 'prompt': 'extract the header', 'extraction_schema': None, 'enable_web_search': True}
[2025-01-24 10:33:07] ERROR [extraction_endpoints] [extraction.py:61] Current user data: {'user_id': 'user_2rUfnyh68uZAwot0qzRLALTdVOc', 'email': None, 'name': None}
[2025-01-24 10:34:10] INFO [extraction_endpoints] [extraction.py:36] Starting extraction with request: urls=['https://www.kunochi.com/'] prompt='extract the main header' extraction_schema=None enable_web_search=True
[2025-01-24 10:34:10] INFO [extraction_endpoints] [extraction.py:37] Current user: {'user_id': 'user_2rUfnyh68uZAwot0qzRLALTdVOc', 'email': None, 'name': None}
[2025-01-24 10:36:18] INFO [extraction_endpoints] [extraction.py:36] Starting extraction with request: urls=['https://www.kunochi.com/'] prompt='extract the main header' extraction_schema=None enable_web_search=True
[2025-01-24 10:36:18] INFO [extraction_endpoints] [extraction.py:37] Current user: {'user_id': 'user_2rUfnyh68uZAwot0qzRLALTdVOc', 'email': None, 'name': None}
[2025-01-24 10:38:42] INFO [extraction_endpoints] [extraction.py:36] Starting extraction with request: urls=['https://www.kunochi.com/'] prompt='extract the main header' extraction_schema=None enable_web_search=True
[2025-01-24 10:38:42] INFO [extraction_endpoints] [extraction.py:37] Current user: {'user_id': 'user_2rUfnyh68uZAwot0qzRLALTdVOc', 'email': None, 'name': None}
[2025-01-24 10:40:31] INFO [extraction_endpoints] [extraction.py:36] Starting extraction with request: urls=['https://www.kunochi.com/'] prompt='extract the main header' extraction_schema=None enable_web_search=True
[2025-01-24 10:40:31] INFO [extraction_endpoints] [extraction.py:37] Current user: {'user_id': 'user_2rUfnyh68uZAwot0qzRLALTdVOc', 'email': None, 'name': None}
[2025-01-24 10:42:12] INFO [extraction_endpoints] [extraction.py:36] Starting extraction with request: urls=['https://www.kunochi.com/'] prompt='extract the main header' extraction_schema=None enable_web_search=True
[2025-01-24 10:42:12] INFO [extraction_endpoints] [extraction.py:37] Current user: {'user_id': 'user_2rUfnyh68uZAwot0qzRLALTdVOc', 'email': None, 'name': None}
