[2025-01-18 00:22:49] INFO [images] [images.py:27] Received 1 files
[2025-01-18 00:22:49] INFO [images] [images.py:28] File names: ['Screenshot 2025-01-16 at 11.18.19\u202fAM.png']
[2025-01-18 00:22:49] INFO [images] [images.py:46] Processing file: Screenshot 2025-01-16 at 11.18.19 AM.png -> 6b12447c-0c76-4d69-ba09-a57bcde33960.png
[2025-01-18 00:22:49] INFO [images] [images.py:60] Created job 0066f272-6334-48f2-bb5c-92527e84e2ea for file Screenshot 2025-01-16 at 11.18.19 AM.png
[2025-01-18 00:22:49] INFO [images] [images.py:72] Successfully created 1 jobs
[2025-01-18 00:25:49] INFO [images] [images.py:27] Received 1 files
[2025-01-18 00:25:49] INFO [images] [images.py:28] File names: ['Screenshot 2025-01-16 at 11.18.19\u202fAM.png']
[2025-01-18 00:25:49] INFO [images] [images.py:46] Processing file: Screenshot 2025-01-16 at 11.18.19 AM.png -> 32162fb4-15ac-41bb-bfd2-ec9502fd167e.png
[2025-01-18 00:25:49] INFO [images] [images.py:60] Created job dbfff246-1907-4e0f-84f2-ee1f80bf946e for file Screenshot 2025-01-16 at 11.18.19 AM.png
[2025-01-18 00:25:49] INFO [images] [images.py:72] Successfully created 1 jobs
[2025-01-18 00:26:29] INFO [images] [images.py:27] Received 1 files
[2025-01-18 00:26:29] INFO [images] [images.py:28] File names: ['Screenshot 2025-01-16 at 11.18.19\u202fAM.png']
[2025-01-18 00:26:29] INFO [images] [images.py:46] Processing file: Screenshot 2025-01-16 at 11.18.19 AM.png -> 5d7b4104-a0fe-4c55-acc8-c380cc5e610a.png
[2025-01-18 00:26:29] INFO [images] [images.py:60] Created job e926a1a7-f50f-4168-9633-c67c985a5dd7 for file Screenshot 2025-01-16 at 11.18.19 AM.png
[2025-01-18 00:26:29] INFO [images] [images.py:72] Successfully created 1 jobs
[2025-01-18 00:31:54] INFO [images] [images.py:27] Received 1 files
[2025-01-18 00:31:54] INFO [images] [images.py:28] File names: ['Screenshot 2025-01-16 at 9.40.29\u202fPM.png']
[2025-01-18 00:31:54] INFO [images] [images.py:46] Processing file: Screenshot 2025-01-16 at 9.40.29 PM.png -> 2efacfcd-13c0-4ed9-9c42-699204550c7d.png
[2025-01-18 00:31:54] INFO [images] [images.py:60] Created job 77caaf89-53bd-4aab-81f7-f5b6baa91401 for file Screenshot 2025-01-16 at 9.40.29 PM.png
[2025-01-18 00:31:54] INFO [images] [images.py:72] Successfully created 1 jobs
[2025-01-18 00:34:46] INFO [images] [images.py:27] Received 1 files
[2025-01-18 00:34:46] INFO [images] [images.py:28] File names: ['Screenshot 2025-01-16 at 9.40.29\u202fPM.png']
[2025-01-18 00:34:46] INFO [images] [images.py:46] Processing file: Screenshot 2025-01-16 at 9.40.29 PM.png -> 7ecdb4de-dbe6-40ee-b982-e2c79b075060.png
[2025-01-18 00:34:46] INFO [images] [images.py:60] Created job 1e3f2fde-ee64-4993-8764-2f32c75f85e4 for file Screenshot 2025-01-16 at 9.40.29 PM.png
[2025-01-18 00:34:46] INFO [images] [images.py:72] Successfully created 1 jobs
[2025-01-18 00:37:00] INFO [images] [images.py:27] Received 1 files
[2025-01-18 00:37:00] INFO [images] [images.py:28] File names: ['Screenshot 2025-01-16 at 9.28.42\u202fPM.png']
[2025-01-18 00:37:00] INFO [images] [images.py:46] Processing file: Screenshot 2025-01-16 at 9.28.42 PM.png -> e27bdea3-5307-4f20-bb96-1e320028083f.png
[2025-01-18 00:37:00] INFO [images] [images.py:60] Created job df22602b-4a66-4380-b5b1-718bfcd43204 for file Screenshot 2025-01-16 at 9.28.42 PM.png
[2025-01-18 00:37:00] INFO [images] [images.py:72] Successfully created 1 jobs
[2025-01-18 00:38:26] INFO [images] [images.py:27] Received 1 files
[2025-01-18 00:38:26] INFO [images] [images.py:28] File names: ['Screenshot 2025-01-16 at 9.28.42\u202fPM.png']
[2025-01-18 00:38:26] INFO [images] [images.py:46] Processing file: Screenshot 2025-01-16 at 9.28.42 PM.png -> 01257217-79f1-411f-a288-9050cf9f6ab2.png
[2025-01-18 00:38:26] INFO [images] [images.py:60] Created job ed743aae-c325-4803-8ed9-37050b26bf98 for file Screenshot 2025-01-16 at 9.28.42 PM.png
[2025-01-18 00:38:26] INFO [images] [images.py:72] Successfully created 1 jobs
[2025-01-18 00:43:18] INFO [images] [images.py:27] Received 1 files
[2025-01-18 00:43:18] INFO [images] [images.py:28] File names: ['Screenshot 2025-01-16 at 9.28.42\u202fPM.png']
[2025-01-18 00:43:18] INFO [images] [images.py:46] Processing file: Screenshot 2025-01-16 at 9.28.42 PM.png -> 712e5281-b3f4-4771-9f5e-b1b571ad25ba.png
[2025-01-18 00:43:18] INFO [images] [images.py:60] Created job 0b3a30bc-a789-443b-9b8a-7e281f9666c3 for file Screenshot 2025-01-16 at 9.28.42 PM.png
[2025-01-18 00:43:18] INFO [images] [images.py:72] Successfully created 1 jobs
[2025-01-18 00:45:17] INFO [images] [images.py:27] Received 1 files
[2025-01-18 00:45:17] INFO [images] [images.py:28] File names: ['Screenshot 2025-01-16 at 11.18.19\u202fAM.png']
[2025-01-18 00:45:17] INFO [images] [images.py:46] Processing file: Screenshot 2025-01-16 at 11.18.19 AM.png -> f77152e6-958b-4c01-9b4f-5c5225438e39.png
[2025-01-18 00:45:17] INFO [images] [images.py:60] Created job 59000df4-71a2-4e8d-8e03-f84a784da855 for file Screenshot 2025-01-16 at 11.18.19 AM.png
[2025-01-18 00:45:17] INFO [images] [images.py:72] Successfully created 1 jobs
[2025-01-18 00:47:10] INFO [images] [images.py:27] Received 1 files
[2025-01-18 00:47:10] INFO [images] [images.py:28] File names: ['Screenshot 2025-01-16 at 11.18.19\u202fAM.png']
[2025-01-18 00:47:10] INFO [images] [images.py:46] Processing file: Screenshot 2025-01-16 at 11.18.19 AM.png -> 3309af82-8b15-40ac-9768-248337e353d6.png
[2025-01-18 00:47:10] INFO [images] [images.py:60] Created job c9f70e93-73d2-4d69-a4ab-e6178307d11d for file Screenshot 2025-01-16 at 11.18.19 AM.png
[2025-01-18 00:47:10] INFO [images] [images.py:72] Successfully created 1 jobs
[2025-01-19 14:34:51] INFO [images] [images.py:27] Received 13 files
[2025-01-19 14:34:51] INFO [images] [images.py:28] File names: ['Gg-4FAOWQAAAR9N.jpg', '7c088c767861c114a9c719948e1f7127.jpg', 'd482f08d99dd330a5834125b2b7e7511.jpg', 'f9998efe411152578fb8db52e19f28e4.jpg', 'GgtXVYjWQAIzupv.jpg', 'Normal-Distribution-meme-meme-56amfo.jpg', '788331f19d450984a65652bfc855f3f9.jpg', 'e8cdfd3ea51e43468018749f9a094517.jpg', '84e3b74819392eda227e486db0085ffe.jpg', 'ca262768a8a551ae3da8cc3a48525499.jpg', 'cdbdd441ca335f8afc97f47e677f0d71.jpg', 'be43f76d69ec299d7970dd07ae8bc2ed.jpg', '8ef1a72d608376d681f4e0ebd4b43f45.jpg']
[2025-01-19 14:34:51] INFO [images] [images.py:46] Processing file: Gg-4FAOWQAAAR9N.jpg -> 9f8a8d53-83a7-4eca-a30c-bd91fe3e340a.jpg
[2025-01-19 14:34:51] INFO [images] [images.py:60] Created job 4f3ae89e-cbae-4b87-abde-f18b97ae9981 for file Gg-4FAOWQAAAR9N.jpg
[2025-01-19 14:34:51] INFO [images] [images.py:46] Processing file: 7c088c767861c114a9c719948e1f7127.jpg -> 8d8ed97a-380b-45a7-b9fb-d29d13aea580.jpg
[2025-01-19 14:34:51] INFO [images] [images.py:60] Created job 7ba9aff9-3828-471c-a727-86505ee1879d for file 7c088c767861c114a9c719948e1f7127.jpg
[2025-01-19 14:34:51] INFO [images] [images.py:46] Processing file: d482f08d99dd330a5834125b2b7e7511.jpg -> b4b999e9-af6e-43b5-bda9-09c974401d3b.jpg
[2025-01-19 14:34:51] INFO [images] [images.py:60] Created job 0b1891ba-b4da-42e3-9ea7-2e26d58e7ff1 for file d482f08d99dd330a5834125b2b7e7511.jpg
[2025-01-19 14:34:51] INFO [images] [images.py:46] Processing file: f9998efe411152578fb8db52e19f28e4.jpg -> d4f0d4f8-d348-4516-8aad-95e7a66ee409.jpg
[2025-01-19 14:34:51] INFO [images] [images.py:60] Created job 6cde5841-0113-427b-89ed-b5c276749a43 for file f9998efe411152578fb8db52e19f28e4.jpg
[2025-01-19 14:34:51] INFO [images] [images.py:46] Processing file: GgtXVYjWQAIzupv.jpg -> e5e63ae4-f4d7-473d-91dd-05fcaa9f822f.jpg
[2025-01-19 14:34:51] INFO [images] [images.py:60] Created job 6a7ca82e-bb48-466a-a0da-09dc557adbff for file GgtXVYjWQAIzupv.jpg
[2025-01-19 14:34:51] INFO [images] [images.py:46] Processing file: Normal-Distribution-meme-meme-56amfo.jpg -> 5356bf45-6f80-4610-a4b7-63019b41b082.jpg
[2025-01-19 14:34:51] INFO [images] [images.py:60] Created job 0ba62eb8-855d-408a-b4ea-8fdc0df38aac for file Normal-Distribution-meme-meme-56amfo.jpg
[2025-01-19 14:34:51] INFO [images] [images.py:46] Processing file: 788331f19d450984a65652bfc855f3f9.jpg -> c7396a59-fb9e-41b2-a965-94005a9bed6d.jpg
[2025-01-19 14:34:51] INFO [images] [images.py:60] Created job 90c9aaa4-3703-4a15-80d7-6b45e8831f0c for file 788331f19d450984a65652bfc855f3f9.jpg
[2025-01-19 14:34:51] INFO [images] [images.py:46] Processing file: e8cdfd3ea51e43468018749f9a094517.jpg -> c2bfba12-670e-49d2-80f4-98673368eb10.jpg
[2025-01-19 14:34:51] INFO [images] [images.py:60] Created job 864ed023-7782-48c0-9bf1-f1e8fecfed01 for file e8cdfd3ea51e43468018749f9a094517.jpg
[2025-01-19 14:34:51] INFO [images] [images.py:46] Processing file: 84e3b74819392eda227e486db0085ffe.jpg -> e0a5dbbf-1a84-490e-aea9-a36d72a41af1.jpg
[2025-01-19 14:34:51] INFO [images] [images.py:60] Created job e6725dbd-377e-4802-b75a-2495d31d28d1 for file 84e3b74819392eda227e486db0085ffe.jpg
[2025-01-19 14:34:51] INFO [images] [images.py:46] Processing file: ca262768a8a551ae3da8cc3a48525499.jpg -> 557f5d27-37dd-44fc-8913-4921bab26318.jpg
[2025-01-19 14:34:51] INFO [images] [images.py:60] Created job bee63680-8839-4990-afa0-e8e45045d525 for file ca262768a8a551ae3da8cc3a48525499.jpg
[2025-01-19 14:34:51] INFO [images] [images.py:46] Processing file: cdbdd441ca335f8afc97f47e677f0d71.jpg -> ab797eac-4933-4239-b9ab-7f79e4f08aad.jpg
[2025-01-19 14:34:51] INFO [images] [images.py:60] Created job caf8027a-6397-488d-901b-4653dfaa5a61 for file cdbdd441ca335f8afc97f47e677f0d71.jpg
[2025-01-19 14:34:51] INFO [images] [images.py:46] Processing file: be43f76d69ec299d7970dd07ae8bc2ed.jpg -> 2fc16131-066b-4568-a410-7efeff07ac42.jpg
[2025-01-19 14:34:51] INFO [images] [images.py:60] Created job ac567a68-2ada-470f-a871-3afc6515e642 for file be43f76d69ec299d7970dd07ae8bc2ed.jpg
[2025-01-19 14:34:51] INFO [images] [images.py:46] Processing file: 8ef1a72d608376d681f4e0ebd4b43f45.jpg -> faaabc97-13f9-4a5e-a86a-ac37acf20b8b.jpg
[2025-01-19 14:34:51] INFO [images] [images.py:60] Created job 9b98035b-be0a-4ba3-bff7-8ce1c656fd59 for file 8ef1a72d608376d681f4e0ebd4b43f45.jpg
[2025-01-19 14:34:51] INFO [images] [images.py:72] Successfully created 13 jobs
[2025-01-23 15:18:36] INFO [images] [images.py:27] Received 1 files
[2025-01-23 15:18:36] INFO [images] [images.py:28] File names: ['Screenshot 2025-01-22 at 6.51.46\u202fPM.png']
[2025-01-23 15:18:36] INFO [images] [images.py:46] Processing file: Screenshot 2025-01-22 at 6.51.46 PM.png -> d5d6b7bb-7ad9-40bb-b631-d7a9847b1fff.png
[2025-01-23 15:18:37] INFO [images] [images.py:60] Created job 76aaba37-64b1-422f-836b-474559330347 for file Screenshot 2025-01-22 at 6.51.46 PM.png
[2025-01-23 15:18:37] INFO [images] [images.py:72] Successfully created 1 jobs
[2025-01-23 15:20:33] INFO [images] [images.py:27] Received 1 files
[2025-01-23 15:20:33] INFO [images] [images.py:28] File names: ['Screenshot 2025-01-22 at 6.51.46\u202fPM.png']
[2025-01-23 15:20:33] INFO [images] [images.py:46] Processing file: Screenshot 2025-01-22 at 6.51.46 PM.png -> 898bfb65-aac3-4403-938a-869bebbdfc6e.png
[2025-01-23 15:20:33] INFO [images] [images.py:60] Created job c0e5a81b-1d21-43f4-bec7-bc0ac413e79a for file Screenshot 2025-01-22 at 6.51.46 PM.png
[2025-01-23 15:20:33] INFO [images] [images.py:72] Successfully created 1 jobs
[2025-01-23 15:22:01] INFO [images] [images.py:27] Received 1 files
[2025-01-23 15:22:01] INFO [images] [images.py:28] File names: ['Screenshot 2025-01-19 at 10.25.29\u202fAM.png']
[2025-01-23 15:22:01] INFO [images] [images.py:46] Processing file: Screenshot 2025-01-19 at 10.25.29 AM.png -> 740218ac-e7a8-44c0-8b97-2a3f5fb977bc.png
[2025-01-23 15:22:02] INFO [images] [images.py:60] Created job 2b86fca9-710e-4fc9-bad5-e5b47a5c3812 for file Screenshot 2025-01-19 at 10.25.29 AM.png
[2025-01-23 15:22:02] INFO [images] [images.py:72] Successfully created 1 jobs
[2025-01-23 15:23:31] INFO [images] [images.py:27] Received 1 files
[2025-01-23 15:23:31] INFO [images] [images.py:28] File names: ['Screenshot 2025-01-21 at 5.36.14\u202fPM.png']
[2025-01-23 15:23:31] INFO [images] [images.py:46] Processing file: Screenshot 2025-01-21 at 5.36.14 PM.png -> 8adab715-21c0-40b0-ba08-19c1226e4819.png
[2025-01-23 15:23:32] INFO [images] [images.py:60] Created job 65bcb9f4-19a3-4b80-81ac-bc5179527bb9 for file Screenshot 2025-01-21 at 5.36.14 PM.png
[2025-01-23 15:23:32] INFO [images] [images.py:72] Successfully created 1 jobs
[2025-01-25 02:15:28] INFO [images] [images.py:27] Received 1 files
[2025-01-25 02:15:28] INFO [images] [images.py:28] File names: ['softsolutions-script-logo-1.png']
[2025-01-25 02:15:28] INFO [images] [images.py:46] Processing file: softsolutions-script-logo-1.png -> 65cb9ac0-e738-4cf5-bfb0-1dc13cca7ce6.png
[2025-01-25 02:15:29] INFO [images] [images.py:60] Created job 300de6b4-dbc2-4466-935c-3c1b29492c9c for file softsolutions-script-logo-1.png
[2025-01-25 02:15:29] INFO [images] [images.py:72] Successfully created 1 jobs
[2025-01-25 02:17:24] INFO [images] [images.py:27] Received 1 files
[2025-01-25 02:17:24] INFO [images] [images.py:28] File names: ['softsolutions-script-logo-1.png']
[2025-01-25 02:17:24] INFO [images] [images.py:46] Processing file: softsolutions-script-logo-1.png -> 8bcbb150-d45c-465f-8443-61f57465cae1.png
[2025-01-25 02:17:24] INFO [images] [images.py:60] Created job 6dec93d4-f061-4732-acc0-2626f4aacd43 for file softsolutions-script-logo-1.png
[2025-01-25 02:17:24] INFO [images] [images.py:72] Successfully created 1 jobs
[2025-01-25 02:19:58] INFO [images] [images.py:27] Received 1 files
[2025-01-25 02:19:58] INFO [images] [images.py:28] File names: ['github-icon.jpeg']
[2025-01-25 02:19:58] INFO [images] [images.py:46] Processing file: github-icon.jpeg -> 48a54e7f-f428-46b2-a792-9a93486fc422.jpeg
[2025-01-25 02:19:58] INFO [images] [images.py:60] Created job aaee49fe-f2e5-4a1f-b307-27c47a7b5b7f for file github-icon.jpeg
[2025-01-25 02:19:58] INFO [images] [images.py:72] Successfully created 1 jobs
[2025-01-25 02:24:57] INFO [images] [images.py:27] Received 1 files
[2025-01-25 02:24:57] INFO [images] [images.py:28] File names: ['github-icon.jpeg']
[2025-01-25 02:24:57] INFO [images] [images.py:46] Processing file: github-icon.jpeg -> f054c4d6-3e9e-42cf-9947-3601d98dc953.jpeg
[2025-01-25 02:24:57] INFO [images] [images.py:60] Created job f9e52dc5-007a-4050-81b8-ac98fe819712 for file github-icon.jpeg
[2025-01-25 02:24:57] INFO [images] [images.py:72] Successfully created 1 jobs
[2025-01-25 02:26:55] INFO [images] [images.py:27] Received 1 files
[2025-01-25 02:26:55] INFO [images] [images.py:28] File names: ['arek7338_painting_of_cherry_blossoms_old_japanese_artwork_--s_cf23b756-4cea-4ccd-90ad-3ed455bdd59d_3.jpg']
[2025-01-25 02:26:55] INFO [images] [images.py:46] Processing file: arek7338_painting_of_cherry_blossoms_old_japanese_artwork_--s_cf23b756-4cea-4ccd-90ad-3ed455bdd59d_3.jpg -> 8d6a7e4a-542a-497a-a312-b44f9f1cc9e8.jpg
[2025-01-25 02:26:55] INFO [images] [images.py:60] Created job 4de2cfb2-df55-4cd1-af3a-89b2de603767 for file arek7338_painting_of_cherry_blossoms_old_japanese_artwork_--s_cf23b756-4cea-4ccd-90ad-3ed455bdd59d_3.jpg
[2025-01-25 02:26:55] INFO [images] [images.py:72] Successfully created 1 jobs
[2025-01-25 02:28:56] INFO [images] [images.py:27] Received 1 files
[2025-01-25 02:28:56] INFO [images] [images.py:28] File names: ['arek7338_painting_of_cherry_blossoms_old_japanese_artwork_--s_cf23b756-4cea-4ccd-90ad-3ed455bdd59d_3.jpg']
[2025-01-25 02:28:56] INFO [images] [images.py:46] Processing file: arek7338_painting_of_cherry_blossoms_old_japanese_artwork_--s_cf23b756-4cea-4ccd-90ad-3ed455bdd59d_3.jpg -> 9258e15c-d021-4f8e-9571-e73d41d21af2.jpg
[2025-01-25 02:28:56] INFO [images] [images.py:60] Created job 81269052-c239-43a7-ba38-b818098971dd for file arek7338_painting_of_cherry_blossoms_old_japanese_artwork_--s_cf23b756-4cea-4ccd-90ad-3ed455bdd59d_3.jpg
[2025-01-25 02:28:56] INFO [images] [images.py:72] Successfully created 1 jobs
[2025-01-25 02:30:57] INFO [images] [images.py:27] Received 1 files
[2025-01-25 02:30:57] INFO [images] [images.py:28] File names: ['arek7338_painting_of_cherry_blossoms_old_japanese_artwork_--s_cf23b756-4cea-4ccd-90ad-3ed455bdd59d_3.jpg']
[2025-01-25 02:30:57] INFO [images] [images.py:46] Processing file: arek7338_painting_of_cherry_blossoms_old_japanese_artwork_--s_cf23b756-4cea-4ccd-90ad-3ed455bdd59d_3.jpg -> d9c5383a-f465-42af-8633-9557015dc5a5.jpg
[2025-01-25 02:30:57] INFO [images] [images.py:60] Created job 71513646-ad89-4af4-9fe6-914791a6c110 for file arek7338_painting_of_cherry_blossoms_old_japanese_artwork_--s_cf23b756-4cea-4ccd-90ad-3ed455bdd59d_3.jpg
[2025-01-25 02:30:57] INFO [images] [images.py:72] Successfully created 1 jobs
[2025-01-25 02:31:32] INFO [images] [images.py:27] Received 1 files
[2025-01-25 02:31:32] INFO [images] [images.py:28] File names: ['japan-vintage-4.jpg']
[2025-01-25 02:31:32] INFO [images] [images.py:46] Processing file: japan-vintage-4.jpg -> 18132d93-677f-4a3e-a33d-4cbc5f6a9c74.jpg
[2025-01-25 02:31:32] INFO [images] [images.py:60] Created job fd9c3fd3-d50a-42f6-97ed-da2d2b8ac329 for file japan-vintage-4.jpg
[2025-01-25 02:31:32] INFO [images] [images.py:72] Successfully created 1 jobs
[2025-01-25 02:33:18] INFO [images] [images.py:27] Received 1 files
[2025-01-25 02:33:18] INFO [images] [images.py:28] File names: ['japan-vintage-6.jpg']
[2025-01-25 02:33:18] INFO [images] [images.py:46] Processing file: japan-vintage-6.jpg -> e64cd740-2e45-48dd-be32-5b320414a36a.jpg
[2025-01-25 02:33:18] INFO [images] [images.py:60] Created job 1009e725-84d5-40c1-a233-8be162e5012a for file japan-vintage-6.jpg
[2025-01-25 02:33:18] INFO [images] [images.py:72] Successfully created 1 jobs
[2025-01-25 02:36:40] INFO [images] [images.py:27] Received 1 files
[2025-01-25 02:36:40] INFO [images] [images.py:28] File names: ['japan-vintage-11.jpg']
[2025-01-25 02:36:40] INFO [images] [images.py:46] Processing file: japan-vintage-11.jpg -> 44a9db6e-6cdb-4b10-a345-0bf57839e1cd.jpg
[2025-01-25 02:36:40] INFO [images] [images.py:60] Created job 696341b8-9896-4561-a18c-4bf4a1731e9d for file japan-vintage-11.jpg
[2025-01-25 02:36:40] INFO [images] [images.py:72] Successfully created 1 jobs
[2025-01-25 02:37:16] INFO [images] [images.py:27] Received 1 files
[2025-01-25 02:37:16] INFO [images] [images.py:28] File names: ['japan-vintage-12.jpg']
[2025-01-25 02:37:16] INFO [images] [images.py:46] Processing file: japan-vintage-12.jpg -> 40181c6e-87e4-45ad-a0c7-6465b01744bb.jpg
[2025-01-25 02:37:16] INFO [images] [images.py:60] Created job a3d2b10b-f4d4-4c0c-a780-feb81e6cce0d for file japan-vintage-12.jpg
[2025-01-25 02:37:16] INFO [images] [images.py:72] Successfully created 1 jobs
[2025-01-25 02:38:47] INFO [images] [images.py:27] Received 1 files
[2025-01-25 02:38:47] INFO [images] [images.py:28] File names: ['japan-vintage-13.jpg']
[2025-01-25 02:38:47] INFO [images] [images.py:46] Processing file: japan-vintage-13.jpg -> e4dd24d0-7b60-4779-a874-e433ead3aae5.jpg
[2025-01-25 02:38:47] INFO [images] [images.py:60] Created job 2110f1bb-10a8-462d-8ae2-e783102bd3ed for file japan-vintage-13.jpg
[2025-01-25 02:38:47] INFO [images] [images.py:72] Successfully created 1 jobs
[2025-01-25 02:44:35] INFO [images] [images.py:27] Received 1 files
[2025-01-25 02:44:35] INFO [images] [images.py:28] File names: ['japan-vintage-9.jpg']
[2025-01-25 02:44:35] INFO [images] [images.py:46] Processing file: japan-vintage-9.jpg -> 40012aaf-7189-429c-a802-cbebcadce0a1.jpg
[2025-01-25 02:44:35] INFO [images] [images.py:60] Created job 5cf525ae-94f2-41a9-87ce-6844e458b4a5 for file japan-vintage-9.jpg
[2025-01-25 02:44:35] INFO [images] [images.py:72] Successfully created 1 jobs
[2025-01-25 02:46:39] INFO [images] [images.py:27] Received 1 files
[2025-01-25 02:46:39] INFO [images] [images.py:28] File names: ['arek7338_painting_of_cherry_blossoms_old_japanese_artwork_--s_cf23b756-4cea-4ccd-90ad-3ed455bdd59d_3.jpg']
[2025-01-25 02:46:39] INFO [images] [images.py:46] Processing file: arek7338_painting_of_cherry_blossoms_old_japanese_artwork_--s_cf23b756-4cea-4ccd-90ad-3ed455bdd59d_3.jpg -> 3b858302-28e8-4a58-b771-ea35b099242f.jpg
[2025-01-25 02:46:39] INFO [images] [images.py:60] Created job 0f8281da-77cd-48ff-b2d4-1cc116d5571d for file arek7338_painting_of_cherry_blossoms_old_japanese_artwork_--s_cf23b756-4cea-4ccd-90ad-3ed455bdd59d_3.jpg
[2025-01-25 02:46:39] INFO [images] [images.py:72] Successfully created 1 jobs
[2025-01-25 02:48:30] INFO [images] [images.py:27] Received 1 files
[2025-01-25 02:48:30] INFO [images] [images.py:28] File names: ['japan-vintage-6.jpg']
[2025-01-25 02:48:30] INFO [images] [images.py:46] Processing file: japan-vintage-6.jpg -> 5496ff70-7d5f-4385-96cc-867e601e0ef5.jpg
[2025-01-25 02:48:30] INFO [images] [images.py:60] Created job a17f8043-a7e8-4d51-83e2-537a10f3acfb for file japan-vintage-6.jpg
[2025-01-25 02:48:30] INFO [images] [images.py:72] Successfully created 1 jobs
