[2025-01-11 20:25:37] INFO [process_images] [process_images.py:22] Starting image processing for job 937715a1-f9ae-4de3-a685-b9d226a218cc
[2025-01-11 20:25:43] INFO [process_images] [process_images.py:90] Stored image with ID: 4e29173c-1a84-438d-815f-f769735f43a1
[2025-01-11 20:25:43] INFO [process_images] [process_images.py:101] Got processing stats for job 937715a1-f9ae-4de3-a685-b9d226a218cc: {'job_id': '937715a1-f9ae-4de3-a685-b9d226a218cc', 'status': 'completed', 'start_time': '2025-01-11T20:25:37.684544-05:00', 'end_time': '2025-01-12T01:25:43.543329+00:00', 'duration_seconds': 5.86, 'api_start_time': '2025-01-11T20:25:37.911599-05:00', 'api_end_time': '2025-01-11T20:25:43.111646-05:00', 'api_duration_seconds': 5.2, 'image_id': '4e29173c-1a84-438d-815f-f769735f43a1', 'user_id': 'user_2rUfnyh68uZAwot0qzRLALTdVOc'}
[2025-01-11 20:25:43] INFO [process_images] [process_images.py:123] Returning result with processing time: 5.2
[2025-01-11 21:40:20] INFO [process_images] [process_images.py:22] Starting image processing for job 6914dbb5-0e5e-4f40-be42-0bf17f5fdde1
[2025-01-11 21:40:25] INFO [process_images] [process_images.py:90] Stored image with ID: d0756eab-3413-48b4-bec7-08bad9106adb
[2025-01-11 21:40:25] INFO [process_images] [process_images.py:101] Got processing stats for job 6914dbb5-0e5e-4f40-be42-0bf17f5fdde1: {'job_id': '6914dbb5-0e5e-4f40-be42-0bf17f5fdde1', 'status': 'completed', 'start_time': '2025-01-11T21:40:20.785528-05:00', 'end_time': '2025-01-12T02:40:25.839039+00:00', 'duration_seconds': 5.05, 'api_start_time': '2025-01-11T21:40:20.972291-05:00', 'api_end_time': '2025-01-11T21:40:25.393682-05:00', 'api_duration_seconds': 4.42, 'image_id': 'd0756eab-3413-48b4-bec7-08bad9106adb', 'user_id': 'user_2rUfnyh68uZAwot0qzRLALTdVOc'}
[2025-01-11 21:40:25] INFO [process_images] [process_images.py:123] Returning result with processing time: 4.42
[2025-01-11 21:40:33] INFO [process_images] [process_images.py:22] Starting image processing for job 157e4c6d-8194-40ea-802b-7d2242b2c493
[2025-01-11 21:40:38] INFO [process_images] [process_images.py:90] Stored image with ID: ca800ca9-6d9f-4c26-981c-2cb93a5a5871
[2025-01-11 21:40:38] INFO [process_images] [process_images.py:101] Got processing stats for job 157e4c6d-8194-40ea-802b-7d2242b2c493: {'job_id': '157e4c6d-8194-40ea-802b-7d2242b2c493', 'status': 'completed', 'start_time': '2025-01-11T21:40:33.578806-05:00', 'end_time': '2025-01-12T02:40:38.270942+00:00', 'duration_seconds': 4.69, 'api_start_time': '2025-01-11T21:40:33.753818-05:00', 'api_end_time': '2025-01-11T21:40:37.881628-05:00', 'api_duration_seconds': 4.13, 'image_id': 'ca800ca9-6d9f-4c26-981c-2cb93a5a5871', 'user_id': 'user_2rUfnyh68uZAwot0qzRLALTdVOc'}
[2025-01-11 21:40:38] INFO [process_images] [process_images.py:123] Returning result with processing time: 4.13
[2025-01-11 21:40:49] INFO [process_images] [process_images.py:22] Starting image processing for job 745ed033-dff6-4bde-b336-f73d70f95935
[2025-01-11 21:40:56] INFO [process_images] [process_images.py:90] Stored image with ID: e7a071d4-268d-4221-b9c6-d811c8cc62fe
[2025-01-11 21:40:56] INFO [process_images] [process_images.py:101] Got processing stats for job 745ed033-dff6-4bde-b336-f73d70f95935: {'job_id': '745ed033-dff6-4bde-b336-f73d70f95935', 'status': 'completed', 'start_time': '2025-01-11T21:40:49.686438-05:00', 'end_time': '2025-01-12T02:40:56.638758+00:00', 'duration_seconds': 6.95, 'api_start_time': '2025-01-11T21:40:49.864542-05:00', 'api_end_time': '2025-01-11T21:40:56.223405-05:00', 'api_duration_seconds': 6.36, 'image_id': 'e7a071d4-268d-4221-b9c6-d811c8cc62fe', 'user_id': 'user_2rUfnyh68uZAwot0qzRLALTdVOc'}
[2025-01-11 21:40:56] INFO [process_images] [process_images.py:123] Returning result with processing time: 6.36
[2025-01-11 21:41:37] INFO [process_images] [process_images.py:22] Starting image processing for job d939e1de-70cf-4798-93b7-dc995c803374
[2025-01-11 21:41:42] INFO [process_images] [process_images.py:90] Stored image with ID: 0d45ab40-6ea7-4732-ac33-539f0aa7c5bf
[2025-01-11 21:41:42] INFO [process_images] [process_images.py:101] Got processing stats for job d939e1de-70cf-4798-93b7-dc995c803374: {'job_id': 'd939e1de-70cf-4798-93b7-dc995c803374', 'status': 'completed', 'start_time': '2025-01-11T21:41:37.627548-05:00', 'end_time': '2025-01-12T02:41:42.488116+00:00', 'duration_seconds': 4.86, 'api_start_time': '2025-01-11T21:41:37.805794-05:00', 'api_end_time': '2025-01-11T21:41:42.086860-05:00', 'api_duration_seconds': 4.28, 'image_id': '0d45ab40-6ea7-4732-ac33-539f0aa7c5bf', 'user_id': 'user_2rUfnyh68uZAwot0qzRLALTdVOc'}
[2025-01-11 21:41:42] INFO [process_images] [process_images.py:123] Returning result with processing time: 4.28
[2025-01-11 21:41:47] INFO [process_images] [process_images.py:22] Starting image processing for job 22ff193a-6b8d-4662-be63-a4c3847609d6
[2025-01-11 21:41:51] INFO [process_images] [process_images.py:90] Stored image with ID: 7bfd5e0d-a040-4e0c-8dcb-530397153ff0
[2025-01-11 21:41:51] INFO [process_images] [process_images.py:101] Got processing stats for job 22ff193a-6b8d-4662-be63-a4c3847609d6: {'job_id': '22ff193a-6b8d-4662-be63-a4c3847609d6', 'status': 'completed', 'start_time': '2025-01-11T21:41:47.280880-05:00', 'end_time': '2025-01-12T02:41:51.766578+00:00', 'duration_seconds': 4.49, 'api_start_time': '2025-01-11T21:41:47.464068-05:00', 'api_end_time': '2025-01-11T21:41:51.393988-05:00', 'api_duration_seconds': 3.93, 'image_id': '7bfd5e0d-a040-4e0c-8dcb-530397153ff0', 'user_id': 'user_2rUfnyh68uZAwot0qzRLALTdVOc'}
[2025-01-11 21:41:51] INFO [process_images] [process_images.py:123] Returning result with processing time: 3.93
[2025-01-11 21:42:01] INFO [process_images] [process_images.py:22] Starting image processing for job c21ab69c-3067-49f5-b269-640ce865f5db
[2025-01-11 21:42:01] INFO [process_images] [process_images.py:22] Starting image processing for job ae56765c-2fc5-44da-8c24-50b325c938e3
[2025-01-11 21:42:01] INFO [process_images] [process_images.py:22] Starting image processing for job 080c8056-ee32-44f0-9f32-98a84c16742d
[2025-01-11 21:42:01] INFO [process_images] [process_images.py:22] Starting image processing for job 4b9b5e4d-313f-4519-a453-b7575d984d06
[2025-01-11 21:42:01] INFO [process_images] [process_images.py:22] Starting image processing for job 62332fc4-e028-482e-9b73-efb01fcee309
[2025-01-11 21:42:01] INFO [process_images] [process_images.py:22] Starting image processing for job e66bd743-6326-4719-ba0e-7239d85f0b86
[2025-01-11 21:42:01] INFO [process_images] [process_images.py:22] Starting image processing for job 20304e58-6f0f-4c42-bd21-431388d86e3f
[2025-01-11 21:42:01] INFO [process_images] [process_images.py:22] Starting image processing for job 190e4dcc-d669-45ad-b10e-0fd1c5b8e5a0
[2025-01-11 21:42:01] INFO [process_images] [process_images.py:22] Starting image processing for job 5c1405a9-1b63-48a3-acb3-06b602c74e26
[2025-01-11 21:42:01] INFO [process_images] [process_images.py:22] Starting image processing for job 605ab10b-4df2-44d8-8eec-e1a0f2a3c800
[2025-01-11 21:42:01] INFO [process_images] [process_images.py:22] Starting image processing for job cd16ab8d-b789-45a4-a664-b89385f58fcb
[2025-01-11 21:42:01] INFO [process_images] [process_images.py:22] Starting image processing for job ff013681-346e-4196-94f7-bc1705ecb360
[2025-01-11 21:42:04] INFO [process_images] [process_images.py:90] Stored image with ID: bc2c8ae2-e6b6-4e48-9a49-673d47e8f5ab
[2025-01-11 21:42:04] INFO [process_images] [process_images.py:101] Got processing stats for job 20304e58-6f0f-4c42-bd21-431388d86e3f: {'job_id': '20304e58-6f0f-4c42-bd21-431388d86e3f', 'status': 'completed', 'start_time': '2025-01-11T21:42:01.672352-05:00', 'end_time': '2025-01-12T02:42:04.223167+00:00', 'duration_seconds': 2.55, 'api_start_time': '2025-01-11T21:42:01.952607-05:00', 'api_end_time': '2025-01-11T21:42:03.900913-05:00', 'api_duration_seconds': 1.95, 'image_id': 'bc2c8ae2-e6b6-4e48-9a49-673d47e8f5ab', 'user_id': 'user_2rUfnyh68uZAwot0qzRLALTdVOc'}
[2025-01-11 21:42:04] INFO [process_images] [process_images.py:123] Returning result with processing time: 1.95
[2025-01-11 21:42:04] INFO [process_images] [process_images.py:22] Starting image processing for job af8c8f1a-c7fc-453d-ad9e-06a17308eaf5
[2025-01-11 21:42:04] INFO [process_images] [process_images.py:90] Stored image with ID: 907dbc8f-3a3c-4ff7-b6aa-a95c8eb19397
[2025-01-11 21:42:04] INFO [process_images] [process_images.py:101] Got processing stats for job 190e4dcc-d669-45ad-b10e-0fd1c5b8e5a0: {'job_id': '190e4dcc-d669-45ad-b10e-0fd1c5b8e5a0', 'status': 'completed', 'start_time': '2025-01-11T21:42:01.677521-05:00', 'end_time': '2025-01-12T02:42:04.344949+00:00', 'duration_seconds': 2.67, 'api_start_time': '2025-01-11T21:42:01.951445-05:00', 'api_end_time': '2025-01-11T21:42:04.037513-05:00', 'api_duration_seconds': 2.09, 'image_id': '907dbc8f-3a3c-4ff7-b6aa-a95c8eb19397', 'user_id': 'user_2rUfnyh68uZAwot0qzRLALTdVOc'}
[2025-01-11 21:42:04] INFO [process_images] [process_images.py:123] Returning result with processing time: 2.09
[2025-01-11 21:42:05] INFO [process_images] [process_images.py:90] Stored image with ID: 1ef11f16-943f-41e4-b468-e7e509eae8fd
[2025-01-11 21:42:05] INFO [process_images] [process_images.py:101] Got processing stats for job 605ab10b-4df2-44d8-8eec-e1a0f2a3c800: {'job_id': '605ab10b-4df2-44d8-8eec-e1a0f2a3c800', 'status': 'completed', 'start_time': '2025-01-11T21:42:01.705197-05:00', 'end_time': '2025-01-12T02:42:05.201795+00:00', 'duration_seconds': 3.5, 'api_start_time': '2025-01-11T21:42:01.967075-05:00', 'api_end_time': '2025-01-11T21:42:04.883910-05:00', 'api_duration_seconds': 2.92, 'image_id': '1ef11f16-943f-41e4-b468-e7e509eae8fd', 'user_id': 'user_2rUfnyh68uZAwot0qzRLALTdVOc'}
[2025-01-11 21:42:05] INFO [process_images] [process_images.py:123] Returning result with processing time: 2.92
[2025-01-11 21:42:05] INFO [process_images] [process_images.py:90] Stored image with ID: 959aaf2b-57a9-4b93-a598-77ac6cbfda3a
[2025-01-11 21:42:05] INFO [process_images] [process_images.py:101] Got processing stats for job 5c1405a9-1b63-48a3-acb3-06b602c74e26: {'job_id': '5c1405a9-1b63-48a3-acb3-06b602c74e26', 'status': 'completed', 'start_time': '2025-01-11T21:42:01.685710-05:00', 'end_time': '2025-01-12T02:42:05.389465+00:00', 'duration_seconds': 3.7, 'api_start_time': '2025-01-11T21:42:01.970474-05:00', 'api_end_time': '2025-01-11T21:42:05.010509-05:00', 'api_duration_seconds': 3.04, 'image_id': '959aaf2b-57a9-4b93-a598-77ac6cbfda3a', 'user_id': 'user_2rUfnyh68uZAwot0qzRLALTdVOc'}
[2025-01-11 21:42:05] INFO [process_images] [process_images.py:123] Returning result with processing time: 3.04
[2025-01-11 21:42:05] INFO [process_images] [process_images.py:90] Stored image with ID: 4950a9ef-638e-469f-b503-5aa02f8dfb52
[2025-01-11 21:42:05] INFO [process_images] [process_images.py:101] Got processing stats for job c21ab69c-3067-49f5-b269-640ce865f5db: {'job_id': 'c21ab69c-3067-49f5-b269-640ce865f5db', 'status': 'completed', 'start_time': '2025-01-11T21:42:01.590776-05:00', 'end_time': '2025-01-12T02:42:05.643664+00:00', 'duration_seconds': 4.05, 'api_start_time': '2025-01-11T21:42:01.781601-05:00', 'api_end_time': '2025-01-11T21:42:05.321828-05:00', 'api_duration_seconds': 3.54, 'image_id': '4950a9ef-638e-469f-b503-5aa02f8dfb52', 'user_id': 'user_2rUfnyh68uZAwot0qzRLALTdVOc'}
[2025-01-11 21:42:05] INFO [process_images] [process_images.py:123] Returning result with processing time: 3.54
[2025-01-11 21:42:05] INFO [process_images] [process_images.py:90] Stored image with ID: da05ba14-3bef-41fa-904b-e5d70baaff49
[2025-01-11 21:42:05] INFO [process_images] [process_images.py:101] Got processing stats for job ae56765c-2fc5-44da-8c24-50b325c938e3: {'job_id': 'ae56765c-2fc5-44da-8c24-50b325c938e3', 'status': 'completed', 'start_time': '2025-01-11T21:42:01.604403-05:00', 'end_time': '2025-01-12T02:42:05.738317+00:00', 'duration_seconds': 4.13, 'api_start_time': '2025-01-11T21:42:01.838005-05:00', 'api_end_time': '2025-01-11T21:42:05.411009-05:00', 'api_duration_seconds': 3.57, 'image_id': 'da05ba14-3bef-41fa-904b-e5d70baaff49', 'user_id': 'user_2rUfnyh68uZAwot0qzRLALTdVOc'}
[2025-01-11 21:42:05] INFO [process_images] [process_images.py:123] Returning result with processing time: 3.57
[2025-01-11 21:42:05] INFO [process_images] [process_images.py:90] Stored image with ID: ba470754-01d8-41d6-b13b-b435044f6c9b
[2025-01-11 21:42:05] INFO [process_images] [process_images.py:90] Stored image with ID: e20a418a-0505-4f7c-a553-a6a77d79f2e6
[2025-01-11 21:42:05] INFO [process_images] [process_images.py:101] Got processing stats for job 4b9b5e4d-313f-4519-a453-b7575d984d06: {'job_id': '4b9b5e4d-313f-4519-a453-b7575d984d06', 'status': 'completed', 'start_time': '2025-01-11T21:42:01.611272-05:00', 'end_time': '2025-01-12T02:42:05.914502+00:00', 'duration_seconds': 4.3, 'api_start_time': '2025-01-11T21:42:01.839597-05:00', 'api_end_time': '2025-01-11T21:42:05.594728-05:00', 'api_duration_seconds': 3.76, 'image_id': 'ba470754-01d8-41d6-b13b-b435044f6c9b', 'user_id': 'user_2rUfnyh68uZAwot0qzRLALTdVOc'}
[2025-01-11 21:42:05] INFO [process_images] [process_images.py:101] Got processing stats for job 080c8056-ee32-44f0-9f32-98a84c16742d: {'job_id': '080c8056-ee32-44f0-9f32-98a84c16742d', 'status': 'completed', 'start_time': '2025-01-11T21:42:01.597857-05:00', 'end_time': '2025-01-12T02:42:05.914514+00:00', 'duration_seconds': 4.32, 'api_start_time': '2025-01-11T21:42:01.839878-05:00', 'api_end_time': '2025-01-11T21:42:05.604753-05:00', 'api_duration_seconds': 3.76, 'image_id': 'e20a418a-0505-4f7c-a553-a6a77d79f2e6', 'user_id': 'user_2rUfnyh68uZAwot0qzRLALTdVOc'}
[2025-01-11 21:42:05] INFO [process_images] [process_images.py:123] Returning result with processing time: 3.76
[2025-01-11 21:42:05] INFO [process_images] [process_images.py:123] Returning result with processing time: 3.76
[2025-01-11 21:42:06] INFO [process_images] [process_images.py:90] Stored image with ID: 02ad5c8a-2515-4b48-839d-52650730fc70
[2025-01-11 21:42:06] INFO [process_images] [process_images.py:101] Got processing stats for job af8c8f1a-c7fc-453d-ad9e-06a17308eaf5: {'job_id': 'af8c8f1a-c7fc-453d-ad9e-06a17308eaf5', 'status': 'completed', 'start_time': '2025-01-11T21:42:04.236538-05:00', 'end_time': '2025-01-12T02:42:06.407154+00:00', 'duration_seconds': 2.17, 'api_start_time': '2025-01-11T21:42:04.370094-05:00', 'api_end_time': '2025-01-11T21:42:06.090400-05:00', 'api_duration_seconds': 1.72, 'image_id': '02ad5c8a-2515-4b48-839d-52650730fc70', 'user_id': 'user_2rUfnyh68uZAwot0qzRLALTdVOc'}
[2025-01-11 21:42:06] INFO [process_images] [process_images.py:123] Returning result with processing time: 1.72
[2025-01-11 21:42:06] INFO [process_images] [process_images.py:90] Stored image with ID: e4401396-67d8-4716-8c6f-a13c96a8daa6
[2025-01-11 21:42:06] INFO [process_images] [process_images.py:90] Stored image with ID: 792ba4c5-5f94-44a5-8f2b-9f62992aeb27
[2025-01-11 21:42:06] INFO [process_images] [process_images.py:101] Got processing stats for job 62332fc4-e028-482e-9b73-efb01fcee309: {'job_id': '62332fc4-e028-482e-9b73-efb01fcee309', 'status': 'completed', 'start_time': '2025-01-11T21:42:01.637246-05:00', 'end_time': '2025-01-12T02:42:06.745944+00:00', 'duration_seconds': 5.11, 'api_start_time': '2025-01-11T21:42:01.934210-05:00', 'api_end_time': '2025-01-11T21:42:06.404919-05:00', 'api_duration_seconds': 4.47, 'image_id': 'e4401396-67d8-4716-8c6f-a13c96a8daa6', 'user_id': 'user_2rUfnyh68uZAwot0qzRLALTdVOc'}
[2025-01-11 21:42:06] INFO [process_images] [process_images.py:101] Got processing stats for job ff013681-346e-4196-94f7-bc1705ecb360: {'job_id': 'ff013681-346e-4196-94f7-bc1705ecb360', 'status': 'completed', 'start_time': '2025-01-11T21:42:01.720038-05:00', 'end_time': '2025-01-12T02:42:06.750488+00:00', 'duration_seconds': 5.03, 'api_start_time': '2025-01-11T21:42:02.006082-05:00', 'api_end_time': '2025-01-11T21:42:06.411970-05:00', 'api_duration_seconds': 4.41, 'image_id': '792ba4c5-5f94-44a5-8f2b-9f62992aeb27', 'user_id': 'user_2rUfnyh68uZAwot0qzRLALTdVOc'}
[2025-01-11 21:42:06] INFO [process_images] [process_images.py:123] Returning result with processing time: 4.47
[2025-01-11 21:42:06] INFO [process_images] [process_images.py:123] Returning result with processing time: 4.41
[2025-01-11 21:42:07] INFO [process_images] [process_images.py:90] Stored image with ID: f600c517-fb19-49b4-9908-495c5f48b3b7
[2025-01-11 21:42:07] INFO [process_images] [process_images.py:101] Got processing stats for job e66bd743-6326-4719-ba0e-7239d85f0b86: {'job_id': 'e66bd743-6326-4719-ba0e-7239d85f0b86', 'status': 'completed', 'start_time': '2025-01-11T21:42:01.660973-05:00', 'end_time': '2025-01-12T02:42:07.964069+00:00', 'duration_seconds': 6.3, 'api_start_time': '2025-01-11T21:42:01.960376-05:00', 'api_end_time': '2025-01-11T21:42:07.599526-05:00', 'api_duration_seconds': 5.64, 'image_id': 'f600c517-fb19-49b4-9908-495c5f48b3b7', 'user_id': 'user_2rUfnyh68uZAwot0qzRLALTdVOc'}
[2025-01-11 21:42:07] INFO [process_images] [process_images.py:123] Returning result with processing time: 5.64
[2025-01-11 21:42:09] INFO [process_images] [process_images.py:90] Stored image with ID: 75796ec6-552e-46c6-b50a-9ba86fc4509a
[2025-01-11 21:42:09] INFO [process_images] [process_images.py:101] Got processing stats for job cd16ab8d-b789-45a4-a664-b89385f58fcb: {'job_id': 'cd16ab8d-b789-45a4-a664-b89385f58fcb', 'status': 'completed', 'start_time': '2025-01-11T21:42:01.689566-05:00', 'end_time': '2025-01-12T02:42:09.167892+00:00', 'duration_seconds': 7.48, 'api_start_time': '2025-01-11T21:42:01.986458-05:00', 'api_end_time': '2025-01-11T21:42:08.823117-05:00', 'api_duration_seconds': 6.84, 'image_id': '75796ec6-552e-46c6-b50a-9ba86fc4509a', 'user_id': 'user_2rUfnyh68uZAwot0qzRLALTdVOc'}
[2025-01-11 21:42:09] INFO [process_images] [process_images.py:123] Returning result with processing time: 6.84
[2025-01-12 00:19:27] INFO [process_images] [process_images.py:28] Starting image processing for job 0526b3de-54cd-4126-bf8d-d2c3c5d57d81
[2025-01-12 00:19:32] INFO [process_images] [process_images.py:91] Stored image with ID: e7ec84c1-f168-4eeb-8cb7-8a931aeebe21
[2025-01-12 00:19:32] INFO [process_images] [process_images.py:102] Got processing stats for job 0526b3de-54cd-4126-bf8d-d2c3c5d57d81: {'job_id': '0526b3de-54cd-4126-bf8d-d2c3c5d57d81', 'status': 'completed', 'start_time': '2025-01-12T00:19:27.564215-05:00', 'end_time': '2025-01-12T05:19:32.527223+00:00', 'duration_seconds': 4.96, 'api_start_time': '2025-01-12T00:19:27.661898-05:00', 'api_end_time': '2025-01-12T00:19:32.086501-05:00', 'api_duration_seconds': 4.42, 'image_id': 'e7ec84c1-f168-4eeb-8cb7-8a931aeebe21', 'user_id': 'user_2rUfnyh68uZAwot0qzRLALTdVOc'}
[2025-01-12 00:19:32] INFO [process_images] [process_images.py:124] Returning result with processing time: 4.42
[2025-01-12 00:25:43] INFO [process_images] [process_images.py:28] Starting image processing for job 39522fab-9e27-4ffe-ae82-4edcf1f91ce6
[2025-01-12 00:25:48] INFO [process_images] [process_images.py:91] Stored image with ID: 5c13baf4-c4f1-4891-b7e1-a9fa833207fb
[2025-01-12 00:25:48] INFO [process_images] [process_images.py:102] Got processing stats for job 39522fab-9e27-4ffe-ae82-4edcf1f91ce6: {'job_id': '39522fab-9e27-4ffe-ae82-4edcf1f91ce6', 'status': 'completed', 'start_time': '2025-01-12T00:25:43.591513-05:00', 'end_time': '2025-01-12T05:25:48.780530+00:00', 'duration_seconds': 5.19, 'api_start_time': '2025-01-12T00:25:43.653383-05:00', 'api_end_time': '2025-01-12T00:25:48.329338-05:00', 'api_duration_seconds': 4.68, 'image_id': '5c13baf4-c4f1-4891-b7e1-a9fa833207fb', 'user_id': 'user_2rUfnyh68uZAwot0qzRLALTdVOc'}
[2025-01-12 00:25:48] INFO [process_images] [process_images.py:124] Returning result with processing time: 4.68
[2025-01-12 00:47:12] INFO [process_images] [process_images.py:28] Starting image processing for job ebbe0207-78b9-4344-a766-b0660790c0dc
[2025-01-12 00:47:18] INFO [process_images] [process_images.py:91] Stored image with ID: 44a42c18-c530-41ae-8ca1-739966131d0b
[2025-01-12 00:47:18] INFO [process_images] [process_images.py:102] Got processing stats for job ebbe0207-78b9-4344-a766-b0660790c0dc: {'job_id': 'ebbe0207-78b9-4344-a766-b0660790c0dc', 'status': 'completed', 'start_time': '2025-01-12T00:47:12.576222-05:00', 'end_time': '2025-01-12T05:47:18.559718+00:00', 'duration_seconds': 5.98, 'api_start_time': '2025-01-12T00:47:12.687806-05:00', 'api_end_time': '2025-01-12T00:47:18.141537-05:00', 'api_duration_seconds': 5.45, 'image_id': '44a42c18-c530-41ae-8ca1-739966131d0b', 'user_id': 'user_2rUfnyh68uZAwot0qzRLALTdVOc'}
[2025-01-12 00:47:18] INFO [process_images] [process_images.py:124] Returning result with processing time: 5.45
[2025-01-13 09:31:02] ERROR [process_images] [process_images.py:127] Error in job ddb868cb-8140-462b-84f6-7172891b24fb: Error processing image: (psycopg2.errors.NotNullViolation) null value in column "image_id" of relation "image_processings" violates not-null constraint
DETAIL:  Failing row contains (4eb932c8-f0ae-4693-a710-2c4f75c1ffbf, ddb868cb-8140-462b-84f6-7172891b24fb, null, user_2rUfnyh68uZAwot0qzRLALTdVOc, processing, 2025-01-13 09:31:02.807379-05, null, null, null, null, null, null, null, 2025-01-13 09:31:02.857975-05).

[SQL: INSERT INTO image_processings (id, job_id, image_id, user_id, status, start_time, end_time, duration_seconds, api_start_time, api_end_time, api_duration_seconds, description, model_version, created_at) VALUES (%(id)s::UUID, %(job_id)s, %(image_id)s::UUID, %(user_id)s, %(status)s, %(start_time)s, %(end_time)s, %(duration_seconds)s, %(api_start_time)s, %(api_end_time)s, %(api_duration_seconds)s, %(description)s, %(model_version)s, %(created_at)s)]
[parameters: {'id': UUID('4eb932c8-f0ae-4693-a710-2c4f75c1ffbf'), 'job_id': 'ddb868cb-8140-462b-84f6-7172891b24fb', 'image_id': None, 'user_id': 'user_2rUfnyh68uZAwot0qzRLALTdVOc', 'status': 'processing', 'start_time': datetime.datetime(2025, 1, 13, 14, 31, 2, 807379, tzinfo=datetime.timezone.utc), 'end_time': None, 'duration_seconds': None, 'api_start_time': None, 'api_end_time': None, 'api_duration_seconds': None, 'description': None, 'model_version': None, 'created_at': datetime.datetime(2025, 1, 13, 9, 31, 2, 857975)}]
(Background on this error at: https://sqlalche.me/e/20/gkpj)
Traceback (most recent call last):
  File "/Library/Frameworks/Python.framework/Versions/3.12/lib/python3.12/site-packages/sqlalchemy/engine/base.py", line 1969, in _exec_single_context
    self.dialect.do_execute(
  File "/Library/Frameworks/Python.framework/Versions/3.12/lib/python3.12/site-packages/sqlalchemy/engine/default.py", line 922, in do_execute
    cursor.execute(statement, parameters)
psycopg2.errors.NotNullViolation: null value in column "image_id" of relation "image_processings" violates not-null constraint
DETAIL:  Failing row contains (4eb932c8-f0ae-4693-a710-2c4f75c1ffbf, ddb868cb-8140-462b-84f6-7172891b24fb, null, user_2rUfnyh68uZAwot0qzRLALTdVOc, processing, 2025-01-13 09:31:02.807379-05, null, null, null, null, null, null, null, 2025-01-13 09:31:02.857975-05).


The above exception was the direct cause of the following exception:

Traceback (most recent call last):
  File "/Users/arekhalpern/Code/soloprojects/2025/elucide/backend/process_images.py", line 28, in process_image
    stats.start_processing(db, job_id, user_id)
  File "/Users/arekhalpern/Code/soloprojects/2025/elucide/backend/stats.py", line 28, in start_processing
    db.commit()
  File "/Library/Frameworks/Python.framework/Versions/3.12/lib/python3.12/site-packages/sqlalchemy/orm/session.py", line 1969, in commit
    trans.commit(_to_root=True)
  File "<string>", line 2, in commit
  File "/Library/Frameworks/Python.framework/Versions/3.12/lib/python3.12/site-packages/sqlalchemy/orm/state_changes.py", line 139, in _go
    ret_value = fn(self, *arg, **kw)
                ^^^^^^^^^^^^^^^^^^^^
  File "/Library/Frameworks/Python.framework/Versions/3.12/lib/python3.12/site-packages/sqlalchemy/orm/session.py", line 1256, in commit
    self._prepare_impl()
  File "<string>", line 2, in _prepare_impl
  File "/Library/Frameworks/Python.framework/Versions/3.12/lib/python3.12/site-packages/sqlalchemy/orm/state_changes.py", line 139, in _go
    ret_value = fn(self, *arg, **kw)
                ^^^^^^^^^^^^^^^^^^^^
  File "/Library/Frameworks/Python.framework/Versions/3.12/lib/python3.12/site-packages/sqlalchemy/orm/session.py", line 1231, in _prepare_impl
    self.session.flush()
  File "/Library/Frameworks/Python.framework/Versions/3.12/lib/python3.12/site-packages/sqlalchemy/orm/session.py", line 4312, in flush
    self._flush(objects)
  File "/Library/Frameworks/Python.framework/Versions/3.12/lib/python3.12/site-packages/sqlalchemy/orm/session.py", line 4447, in _flush
    with util.safe_reraise():
  File "/Library/Frameworks/Python.framework/Versions/3.12/lib/python3.12/site-packages/sqlalchemy/util/langhelpers.py", line 146, in __exit__
    raise exc_value.with_traceback(exc_tb)
  File "/Library/Frameworks/Python.framework/Versions/3.12/lib/python3.12/site-packages/sqlalchemy/orm/session.py", line 4408, in _flush
    flush_context.execute()
  File "/Library/Frameworks/Python.framework/Versions/3.12/lib/python3.12/site-packages/sqlalchemy/orm/unitofwork.py", line 466, in execute
    rec.execute(self)
  File "/Library/Frameworks/Python.framework/Versions/3.12/lib/python3.12/site-packages/sqlalchemy/orm/unitofwork.py", line 642, in execute
    util.preloaded.orm_persistence.save_obj(
  File "/Library/Frameworks/Python.framework/Versions/3.12/lib/python3.12/site-packages/sqlalchemy/orm/persistence.py", line 93, in save_obj
    _emit_insert_statements(
  File "/Library/Frameworks/Python.framework/Versions/3.12/lib/python3.12/site-packages/sqlalchemy/orm/persistence.py", line 1227, in _emit_insert_statements
    result = connection.execute(
             ^^^^^^^^^^^^^^^^^^^
  File "/Library/Frameworks/Python.framework/Versions/3.12/lib/python3.12/site-packages/sqlalchemy/engine/base.py", line 1416, in execute
    return meth(
           ^^^^^
  File "/Library/Frameworks/Python.framework/Versions/3.12/lib/python3.12/site-packages/sqlalchemy/sql/elements.py", line 517, in _execute_on_connection
    return connection._execute_clauseelement(
           ^^^^^^^^^^^^^^^^^^^^^^^^^^^^^^^^^^
  File "/Library/Frameworks/Python.framework/Versions/3.12/lib/python3.12/site-packages/sqlalchemy/engine/base.py", line 1639, in _execute_clauseelement
    ret = self._execute_context(
          ^^^^^^^^^^^^^^^^^^^^^^
  File "/Library/Frameworks/Python.framework/Versions/3.12/lib/python3.12/site-packages/sqlalchemy/engine/base.py", line 1848, in _execute_context
    return self._exec_single_context(
           ^^^^^^^^^^^^^^^^^^^^^^^^^^
  File "/Library/Frameworks/Python.framework/Versions/3.12/lib/python3.12/site-packages/sqlalchemy/engine/base.py", line 1988, in _exec_single_context
    self._handle_dbapi_exception(
  File "/Library/Frameworks/Python.framework/Versions/3.12/lib/python3.12/site-packages/sqlalchemy/engine/base.py", line 2344, in _handle_dbapi_exception
    raise sqlalchemy_exception.with_traceback(exc_info[2]) from e
  File "/Library/Frameworks/Python.framework/Versions/3.12/lib/python3.12/site-packages/sqlalchemy/engine/base.py", line 1969, in _exec_single_context
    self.dialect.do_execute(
  File "/Library/Frameworks/Python.framework/Versions/3.12/lib/python3.12/site-packages/sqlalchemy/engine/default.py", line 922, in do_execute
    cursor.execute(statement, parameters)
sqlalchemy.exc.IntegrityError: (psycopg2.errors.NotNullViolation) null value in column "image_id" of relation "image_processings" violates not-null constraint
DETAIL:  Failing row contains (4eb932c8-f0ae-4693-a710-2c4f75c1ffbf, ddb868cb-8140-462b-84f6-7172891b24fb, null, user_2rUfnyh68uZAwot0qzRLALTdVOc, processing, 2025-01-13 09:31:02.807379-05, null, null, null, null, null, null, null, 2025-01-13 09:31:02.857975-05).

[SQL: INSERT INTO image_processings (id, job_id, image_id, user_id, status, start_time, end_time, duration_seconds, api_start_time, api_end_time, api_duration_seconds, description, model_version, created_at) VALUES (%(id)s::UUID, %(job_id)s, %(image_id)s::UUID, %(user_id)s, %(status)s, %(start_time)s, %(end_time)s, %(duration_seconds)s, %(api_start_time)s, %(api_end_time)s, %(api_duration_seconds)s, %(description)s, %(model_version)s, %(created_at)s)]
[parameters: {'id': UUID('4eb932c8-f0ae-4693-a710-2c4f75c1ffbf'), 'job_id': 'ddb868cb-8140-462b-84f6-7172891b24fb', 'image_id': None, 'user_id': 'user_2rUfnyh68uZAwot0qzRLALTdVOc', 'status': 'processing', 'start_time': datetime.datetime(2025, 1, 13, 14, 31, 2, 807379, tzinfo=datetime.timezone.utc), 'end_time': None, 'duration_seconds': None, 'api_start_time': None, 'api_end_time': None, 'api_duration_seconds': None, 'description': None, 'model_version': None, 'created_at': datetime.datetime(2025, 1, 13, 9, 31, 2, 857975)}]
(Background on this error at: https://sqlalche.me/e/20/gkpj)
[2025-01-13 09:34:01] INFO [process_images] [process_images.py:29] Starting image processing for job 65cd0160-60c9-4dd8-8ec9-2ad502c6a638
[2025-01-13 09:34:07] INFO [process_images] [process_images.py:92] Stored image with ID: b78898a9-0b47-4dc0-892a-a86dba764159
[2025-01-13 09:34:07] INFO [process_images] [process_images.py:119] Returning result with processing time: 5.6
[2025-01-13 09:34:53] INFO [process_images] [process_images.py:29] Starting image processing for job 65cc19f4-3cbf-455f-a788-2b07a73a3548
[2025-01-13 09:34:59] INFO [process_images] [process_images.py:92] Stored image with ID: 3c8f59d1-c8b9-4014-823d-baf0ad5fc581
[2025-01-13 09:34:59] INFO [process_images] [process_images.py:119] Returning result with processing time: 5.63
[2025-01-13 09:37:13] INFO [process_images] [process_images.py:29] Starting image processing for job 34524520-9262-4477-bc3b-7799ebd8f22c
[2025-01-13 09:37:19] INFO [process_images] [process_images.py:92] Stored image with ID: 4fb18b6d-4614-4a07-a031-59e1ffc51f58
[2025-01-13 09:37:19] INFO [process_images] [process_images.py:119] Returning result with processing time: 6.11
[2025-01-13 09:37:29] INFO [process_images] [process_images.py:29] Starting image processing for job 82e8a2a8-e201-4dae-8af6-8a7db3875aeb
[2025-01-13 09:37:35] INFO [process_images] [process_images.py:92] Stored image with ID: 8ecfd68e-0b24-4951-b107-51bc5ba68123
[2025-01-13 09:37:35] INFO [process_images] [process_images.py:119] Returning result with processing time: 6.18
[2025-01-13 09:38:45] INFO [process_images] [process_images.py:29] Starting image processing for job 3a510196-023c-4a36-8b6a-a3ef2170bf79
[2025-01-13 09:38:52] INFO [process_images] [process_images.py:92] Stored image with ID: 777975c7-aef9-463c-9678-30a33ff1dcff
[2025-01-13 09:38:52] INFO [process_images] [process_images.py:119] Returning result with processing time: 6.39
[2025-01-13 09:39:44] INFO [process_images] [process_images.py:29] Starting image processing for job fb4831b4-cec1-4ce7-a3fe-cb1a8f199234
[2025-01-13 09:39:51] INFO [process_images] [process_images.py:92] Stored image with ID: 3428a7bb-f5c4-43b4-8fc0-06b254db5675
[2025-01-13 09:39:51] INFO [process_images] [process_images.py:119] Returning result with processing time: 6.26
[2025-01-13 09:40:00] INFO [process_images] [process_images.py:29] Starting image processing for job 6b3a2850-a7fd-47ff-b2d0-a56ae5561ebd
[2025-01-13 09:40:07] INFO [process_images] [process_images.py:92] Stored image with ID: 38ebcc0d-3ff1-4685-beeb-98244fdd8dda
[2025-01-13 09:40:07] INFO [process_images] [process_images.py:119] Returning result with processing time: 6.03
[2025-01-13 09:42:33] INFO [process_images] [process_images.py:29] Starting image processing for job 9167062f-c68a-4b15-94d4-677b268a8f28
[2025-01-13 09:42:40] INFO [process_images] [process_images.py:92] Stored image with ID: 9a13cb6e-576c-4372-831e-6006543ca007
[2025-01-13 09:42:40] INFO [process_images] [process_images.py:119] Returning result with processing time: 6.31
[2025-01-13 09:50:51] INFO [process_images] [process_images.py:29] Starting image processing for job 9827cf3e-f837-45d1-8df6-ec1b5082b194
[2025-01-13 09:50:57] INFO [process_images] [process_images.py:92] Stored image with ID: 617f5d32-0cec-4615-999c-263753e172e5
[2025-01-13 09:50:57] INFO [process_images] [process_images.py:119] Returning result with processing time: 5.37
[2025-01-13 09:52:17] INFO [process_images] [process_images.py:29] Starting image processing for job e1ab787c-b887-4c61-bc23-2174b15c999a
[2025-01-13 09:52:23] INFO [process_images] [process_images.py:92] Stored image with ID: 27ef9c63-cf97-4d2a-a8f1-9faa425b2958
[2025-01-13 09:52:23] INFO [process_images] [process_images.py:119] Returning result with processing time: 6.14
