[2025-01-26 12:26:41] INFO [sync_storage] [sync_storage.py:39] Successfully initialized GCS client with bucket elucide
[2025-01-26 12:30:49] INFO [sync_storage] [sync_storage.py:39] Successfully initialized GCS client with bucket elucide
[2025-01-26 12:32:54] INFO [sync_storage] [sync_storage.py:55] Successfully initialized GCS client with bucket elucide
[2025-01-26 12:35:12] INFO [sync_storage] [sync_storage.py:35] Successfully initialized GCS client with bucket elucide
[2025-01-26 12:36:57] INFO [sync_storage] [sync_storage.py:35] Successfully initialized GCS client with bucket elucide
[2025-01-26 12:39:42] INFO [sync_storage] [sync_storage.py:35] Successfully initialized GCS client with bucket elucide
[2025-01-26 12:40:20] INFO [sync_storage] [sync_storage.py:35] Successfully initialized GCS client with bucket elucide
[2025-01-26 12:44:29] INFO [sync_storage] [sync_storage.py:35] Successfully initialized GCS client with bucket elucide
[2025-01-26 12:46:44] INFO [sync_storage] [sync_storage.py:35] Successfully initialized GCS client with bucket elucide
[2025-01-26 12:48:05] INFO [sync_storage] [sync_storage.py:35] Successfully initialized GCS client with bucket elucide
[2025-01-26 12:50:30] INFO [sync_storage] [sync_storage.py:35] Successfully initialized GCS client with bucket elucide
[2025-01-26 12:53:18] INFO [sync_storage] [sync_storage.py:35] Successfully initialized GCS client with bucket elucide
[2025-01-26 12:53:53] INFO [sync_storage] [sync_storage.py:35] Successfully initialized GCS client with bucket elucide
[2025-01-26 12:53:58] INFO [sync_storage] [sync_storage.py:89] Generated signed URL for image 6b603ca9-56bc-4179-bd58-270b5347d0f5
[2025-01-26 12:55:01] INFO [sync_storage] [sync_storage.py:35] Successfully initialized GCS client with bucket elucide
[2025-01-26 12:55:06] INFO [sync_storage] [sync_storage.py:89] Generated signed URL for image 658b193c-2e3e-40b8-b0fc-5c62d676888b
[2025-01-26 14:07:39] INFO [sync_storage] [sync_storage.py:35] Successfully initialized GCS client with bucket elucide
[2025-01-26 14:07:47] INFO [sync_storage] [sync_storage.py:89] Generated signed URL for image d6b76552-4da9-48f3-839a-59dfd1a89491
[2025-01-26 14:11:56] INFO [sync_storage] [sync_storage.py:35] Successfully initialized GCS client with bucket elucide
[2025-01-26 14:12:03] INFO [sync_storage] [sync_storage.py:89] Generated signed URL for image d07a76fc-eda4-4733-a84d-533744385cc9
[2025-01-26 14:14:16] INFO [sync_storage] [sync_storage.py:35] Successfully initialized GCS client with bucket elucide
[2025-01-26 14:14:20] INFO [sync_storage] [sync_storage.py:89] Generated signed URL for image b0ffe013-d429-4771-ab9d-13ecb3040481
[2025-01-26 14:19:42] INFO [sync_storage] [sync_storage.py:35] Successfully initialized GCS client with bucket elucide
[2025-01-26 14:19:42] INFO [sync_storage] [sync_storage.py:35] Successfully initialized GCS client with bucket elucide
[2025-01-26 14:19:52] INFO [sync_storage] [sync_storage.py:89] Generated signed URL for image 5da15c9f-685d-471a-9a1b-97bed9050e60
[2025-01-26 14:19:52] INFO [sync_storage] [sync_storage.py:35] Successfully initialized GCS client with bucket elucide
[2025-01-26 14:19:53] INFO [sync_storage] [sync_storage.py:84] Got public URL for image 5da15c9f-685d-471a-9a1b-97bed9050e60
[2025-01-26 14:23:11] INFO [sync_storage] [sync_storage.py:35] Successfully initialized GCS client with bucket elucide
[2025-01-26 14:23:11] INFO [sync_storage] [sync_storage.py:35] Successfully initialized GCS client with bucket elucide
[2025-01-26 14:23:15] INFO [sync_storage] [sync_storage.py:89] Generated signed URL for image 3a10cc29-9902-4133-9c2a-bbc27c45221b
[2025-01-26 14:23:15] INFO [sync_storage] [sync_storage.py:35] Successfully initialized GCS client with bucket elucide
[2025-01-26 14:23:16] INFO [sync_storage] [sync_storage.py:83] Got public URL for image 3a10cc29-9902-4133-9c2a-bbc27c45221b
[2025-01-26 14:25:11] INFO [sync_storage] [sync_storage.py:35] Successfully initialized GCS client with bucket elucide
[2025-01-26 14:25:12] INFO [sync_storage] [sync_storage.py:35] Successfully initialized GCS client with bucket elucide
[2025-01-26 14:25:21] INFO [sync_storage] [sync_storage.py:89] Generated signed URL for image d8ec4cf3-1864-4a0f-9db4-77617332ef4f
[2025-01-26 14:25:22] INFO [sync_storage] [sync_storage.py:35] Successfully initialized GCS client with bucket elucide
[2025-01-26 14:25:22] INFO [sync_storage] [sync_storage.py:84] Got public URL for image d8ec4cf3-1864-4a0f-9db4-77617332ef4f
[2025-01-26 14:28:14] INFO [sync_storage] [sync_storage.py:35] Successfully initialized GCS client with bucket elucide
[2025-01-26 14:28:14] INFO [sync_storage] [sync_storage.py:35] Successfully initialized GCS client with bucket elucide
[2025-01-26 14:28:19] INFO [sync_storage] [sync_storage.py:89] Generated signed URL for image cd6faf14-d0c2-4484-b96e-4c150ca5b406
[2025-01-26 14:28:19] INFO [sync_storage] [sync_storage.py:35] Successfully initialized GCS client with bucket elucide
[2025-01-26 14:28:19] INFO [sync_storage] [sync_storage.py:84] Got public URL for image cd6faf14-d0c2-4484-b96e-4c150ca5b406
[2025-01-26 14:30:24] INFO [sync_storage] [sync_storage.py:35] Successfully initialized GCS client with bucket elucide
[2025-01-26 14:30:24] INFO [sync_storage] [sync_storage.py:35] Successfully initialized GCS client with bucket elucide
[2025-01-26 14:30:29] INFO [sync_storage] [sync_storage.py:89] Generated signed URL for image 85496012-e99b-4342-8f74-5c4864fc95f8
[2025-01-26 14:30:29] INFO [sync_storage] [sync_storage.py:35] Successfully initialized GCS client with bucket elucide
[2025-01-26 14:30:30] INFO [sync_storage] [sync_storage.py:85] Got public URL for image 85496012-e99b-4342-8f74-5c4864fc95f8
[2025-01-26 14:32:07] INFO [sync_storage] [sync_storage.py:35] Successfully initialized GCS client with bucket elucide
[2025-01-26 14:32:08] INFO [sync_storage] [sync_storage.py:35] Successfully initialized GCS client with bucket elucide
[2025-01-26 14:32:12] INFO [sync_storage] [sync_storage.py:89] Generated signed URL for image e68c0668-d4c1-460f-b956-238500f04fd1
[2025-01-26 14:32:13] INFO [sync_storage] [sync_storage.py:35] Successfully initialized GCS client with bucket elucide
[2025-01-26 14:32:13] INFO [sync_storage] [sync_storage.py:85] Got public URL for image e68c0668-d4c1-460f-b956-238500f04fd1
[2025-01-26 14:34:48] INFO [sync_storage] [sync_storage.py:35] Successfully initialized GCS client with bucket elucide
[2025-01-26 14:34:49] INFO [sync_storage] [sync_storage.py:35] Successfully initialized GCS client with bucket elucide
[2025-01-26 14:34:56] INFO [sync_storage] [sync_storage.py:89] Generated signed URL for image 213da8cf-e95f-4817-aeb6-ed59bf6a1c95
[2025-01-26 14:36:03] INFO [sync_storage] [sync_storage.py:35] Successfully initialized GCS client with bucket elucide
[2025-01-26 14:36:03] INFO [sync_storage] [sync_storage.py:35] Successfully initialized GCS client with bucket elucide
[2025-01-26 14:36:09] INFO [sync_storage] [sync_storage.py:89] Generated signed URL for image a6db4fcb-2df6-4489-9cc6-7971f73ecb19
[2025-01-26 14:36:10] INFO [sync_storage] [sync_storage.py:35] Successfully initialized GCS client with bucket elucide
[2025-01-26 14:36:11] INFO [sync_storage] [sync_storage.py:85] Got public URL for image a6db4fcb-2df6-4489-9cc6-7971f73ecb19
[2025-01-26 14:36:43] INFO [sync_storage] [sync_storage.py:35] Successfully initialized GCS client with bucket elucide
[2025-01-26 14:36:43] INFO [sync_storage] [sync_storage.py:35] Successfully initialized GCS client with bucket elucide
[2025-01-26 14:36:50] INFO [sync_storage] [sync_storage.py:89] Generated signed URL for image 0b106f9f-76d0-48f1-96e3-518a717feff9
[2025-01-26 14:36:51] INFO [sync_storage] [sync_storage.py:35] Successfully initialized GCS client with bucket elucide
[2025-01-26 14:36:51] INFO [sync_storage] [sync_storage.py:85] Got public URL for image 0b106f9f-76d0-48f1-96e3-518a717feff9
[2025-01-26 14:39:45] INFO [sync_storage] [sync_storage.py:35] Successfully initialized GCS client with bucket elucide
[2025-01-26 14:39:45] INFO [sync_storage] [sync_storage.py:35] Successfully initialized GCS client with bucket elucide
[2025-01-26 14:39:49] INFO [sync_storage] [sync_storage.py:89] Generated signed URL for image 54033365-7785-4ec3-907d-54e366cacab2
[2025-01-26 14:39:50] INFO [sync_storage] [sync_storage.py:35] Successfully initialized GCS client with bucket elucide
[2025-01-26 14:39:50] INFO [sync_storage] [sync_storage.py:85] Got public URL for image 54033365-7785-4ec3-907d-54e366cacab2
[2025-01-26 14:42:51] INFO [sync_storage] [sync_storage.py:35] Successfully initialized GCS client with bucket elucide
[2025-01-26 14:42:51] INFO [sync_storage] [sync_storage.py:35] Successfully initialized GCS client with bucket elucide
[2025-01-26 14:43:00] INFO [sync_storage] [sync_storage.py:89] Generated signed URL for image 245305d5-67ec-4b50-a8c1-673345d2cbcc
[2025-01-26 14:43:00] INFO [sync_storage] [sync_storage.py:35] Successfully initialized GCS client with bucket elucide
[2025-01-26 14:43:01] INFO [sync_storage] [sync_storage.py:85] Got public URL for image 245305d5-67ec-4b50-a8c1-673345d2cbcc
[2025-01-26 14:49:24] INFO [sync_storage] [sync_storage.py:35] Successfully initialized GCS client with bucket elucide
[2025-01-26 14:49:24] INFO [sync_storage] [sync_storage.py:35] Successfully initialized GCS client with bucket elucide
[2025-01-26 14:49:30] INFO [sync_storage] [sync_storage.py:89] Generated signed URL for image c2df20af-aad3-43e1-aaf1-055e596d0f9f
[2025-01-26 14:49:30] INFO [sync_storage] [sync_storage.py:35] Successfully initialized GCS client with bucket elucide
[2025-01-26 14:49:31] INFO [sync_storage] [sync_storage.py:85] Got public URL for image c2df20af-aad3-43e1-aaf1-055e596d0f9f
[2025-01-26 14:51:24] INFO [sync_storage] [sync_storage.py:35] Successfully initialized GCS client with bucket elucide
[2025-01-26 14:51:25] INFO [sync_storage] [sync_storage.py:35] Successfully initialized GCS client with bucket elucide
[2025-01-26 14:51:33] INFO [sync_storage] [sync_storage.py:89] Generated signed URL for image 6eb37d19-4040-448e-91f1-933919cc8ef2
[2025-01-26 14:51:34] INFO [sync_storage] [sync_storage.py:35] Successfully initialized GCS client with bucket elucide
[2025-01-26 14:51:34] INFO [sync_storage] [sync_storage.py:85] Got public URL for image 6eb37d19-4040-448e-91f1-933919cc8ef2
[2025-01-26 15:13:51] INFO [sync_storage] [sync_storage.py:35] Successfully initialized GCS client with bucket elucide
[2025-01-26 15:13:51] INFO [sync_storage] [sync_storage.py:35] Successfully initialized GCS client with bucket elucide
[2025-01-26 15:13:59] INFO [sync_storage] [sync_storage.py:89] Generated signed URL for image 5193b699-b567-4890-8a63-99b70d5430af
[2025-01-26 15:13:59] INFO [sync_storage] [sync_storage.py:35] Successfully initialized GCS client with bucket elucide
[2025-01-26 15:14:00] INFO [sync_storage] [sync_storage.py:85] Got public URL for image 5193b699-b567-4890-8a63-99b70d5430af
[2025-01-26 15:16:32] INFO [sync_storage] [sync_storage.py:35] Successfully initialized GCS client with bucket elucide
[2025-01-26 15:16:32] INFO [sync_storage] [sync_storage.py:35] Successfully initialized GCS client with bucket elucide
[2025-01-26 15:16:40] INFO [sync_storage] [sync_storage.py:89] Generated signed URL for image c7258d89-6c8e-41df-b2bb-5876cdeca55c
[2025-01-26 15:16:41] INFO [sync_storage] [sync_storage.py:35] Successfully initialized GCS client with bucket elucide
[2025-01-26 15:16:41] INFO [sync_storage] [sync_storage.py:85] Got public URL for image c7258d89-6c8e-41df-b2bb-5876cdeca55c
[2025-01-26 15:21:29] INFO [sync_storage] [sync_storage.py:35] Successfully initialized GCS client with bucket elucide
[2025-01-26 15:21:29] INFO [sync_storage] [sync_storage.py:35] Successfully initialized GCS client with bucket elucide
[2025-01-26 15:21:35] INFO [sync_storage] [sync_storage.py:89] Generated signed URL for image d5040a5a-6193-4851-ac33-3637ebc78f2b
[2025-01-26 15:21:36] INFO [sync_storage] [sync_storage.py:35] Successfully initialized GCS client with bucket elucide
[2025-01-26 15:21:36] INFO [sync_storage] [sync_storage.py:85] Got public URL for image d5040a5a-6193-4851-ac33-3637ebc78f2b
[2025-01-26 15:25:00] INFO [sync_storage] [sync_storage.py:35] Successfully initialized GCS client with bucket elucide
[2025-01-26 15:25:00] INFO [sync_storage] [sync_storage.py:35] Successfully initialized GCS client with bucket elucide
[2025-01-26 15:25:08] INFO [sync_storage] [sync_storage.py:89] Generated signed URL for image a9c8120c-bf33-47b5-a2d9-6b5309133cd1
[2025-01-26 15:25:08] INFO [sync_storage] [sync_storage.py:35] Successfully initialized GCS client with bucket elucide
[2025-01-26 15:25:08] INFO [sync_storage] [sync_storage.py:85] Got public URL for image a9c8120c-bf33-47b5-a2d9-6b5309133cd1
[2025-01-26 15:26:24] INFO [sync_storage] [sync_storage.py:35] Successfully initialized GCS client with bucket elucide
[2025-01-26 15:26:24] INFO [sync_storage] [sync_storage.py:35] Successfully initialized GCS client with bucket elucide
[2025-01-26 15:26:29] INFO [sync_storage] [sync_storage.py:89] Generated signed URL for image 9a52b08a-722f-429f-b69b-793b9c612245
[2025-01-26 15:26:29] INFO [sync_storage] [sync_storage.py:35] Successfully initialized GCS client with bucket elucide
[2025-01-26 15:26:30] INFO [sync_storage] [sync_storage.py:85] Got public URL for image 9a52b08a-722f-429f-b69b-793b9c612245
[2025-01-26 15:26:56] INFO [sync_storage] [sync_storage.py:35] Successfully initialized GCS client with bucket elucide
[2025-01-26 15:26:56] INFO [sync_storage] [sync_storage.py:35] Successfully initialized GCS client with bucket elucide
[2025-01-26 15:27:09] INFO [sync_storage] [sync_storage.py:89] Generated signed URL for image 8c2b6d18-2763-4a1d-9ab5-e488e5c1b17a
[2025-01-26 15:27:09] INFO [sync_storage] [sync_storage.py:35] Successfully initialized GCS client with bucket elucide
[2025-01-26 15:27:09] INFO [sync_storage] [sync_storage.py:85] Got public URL for image 8c2b6d18-2763-4a1d-9ab5-e488e5c1b17a
[2025-01-26 15:29:37] INFO [sync_storage] [sync_storage.py:35] Successfully initialized GCS client with bucket elucide
[2025-01-26 15:29:37] INFO [sync_storage] [sync_storage.py:35] Successfully initialized GCS client with bucket elucide
[2025-01-26 15:29:44] INFO [sync_storage] [sync_storage.py:89] Generated signed URL for image 5a6626de-0901-406e-bd06-ecf0e1d6bea2
[2025-01-26 15:29:45] INFO [sync_storage] [sync_storage.py:35] Successfully initialized GCS client with bucket elucide
[2025-01-26 15:29:45] INFO [sync_storage] [sync_storage.py:85] Got public URL for image 5a6626de-0901-406e-bd06-ecf0e1d6bea2
[2025-01-26 15:30:18] INFO [sync_storage] [sync_storage.py:35] Successfully initialized GCS client with bucket elucide
[2025-01-26 15:30:18] INFO [sync_storage] [sync_storage.py:35] Successfully initialized GCS client with bucket elucide
[2025-01-26 15:30:26] INFO [sync_storage] [sync_storage.py:89] Generated signed URL for image 99c1bdcb-2e69-456f-a606-031a2281bc4c
[2025-01-26 15:30:27] INFO [sync_storage] [sync_storage.py:35] Successfully initialized GCS client with bucket elucide
[2025-01-26 15:30:27] INFO [sync_storage] [sync_storage.py:85] Got public URL for image 99c1bdcb-2e69-456f-a606-031a2281bc4c
[2025-01-26 15:33:12] INFO [sync_storage] [sync_storage.py:35] Successfully initialized GCS client with bucket elucide
[2025-01-26 15:33:12] INFO [sync_storage] [sync_storage.py:35] Successfully initialized GCS client with bucket elucide
[2025-01-26 15:33:19] INFO [sync_storage] [sync_storage.py:89] Generated signed URL for image 58076862-1a17-4186-94b0-7c674b3ccbb0
[2025-01-26 15:33:19] INFO [sync_storage] [sync_storage.py:35] Successfully initialized GCS client with bucket elucide
[2025-01-26 15:33:20] INFO [sync_storage] [sync_storage.py:85] Got public URL for image 58076862-1a17-4186-94b0-7c674b3ccbb0
[2025-01-26 15:37:03] INFO [sync_storage] [sync_storage.py:35] Successfully initialized GCS client with bucket elucide
[2025-01-26 15:37:03] INFO [sync_storage] [sync_storage.py:35] Successfully initialized GCS client with bucket elucide
[2025-01-26 15:37:11] INFO [sync_storage] [sync_storage.py:89] Generated signed URL for image e1cc0509-9a53-4f53-afc5-e548756021e7
[2025-01-26 15:37:12] INFO [sync_storage] [sync_storage.py:35] Successfully initialized GCS client with bucket elucide
[2025-01-26 15:37:12] INFO [sync_storage] [sync_storage.py:85] Got public URL for image e1cc0509-9a53-4f53-afc5-e548756021e7
[2025-01-26 15:37:13] INFO [sync_storage] [sync_storage.py:35] Successfully initialized GCS client with bucket elucide
[2025-01-26 15:37:13] INFO [sync_storage] [sync_storage.py:85] Got public URL for image e1cc0509-9a53-4f53-afc5-e548756021e7
[2025-01-26 15:37:14] INFO [sync_storage] [sync_storage.py:35] Successfully initialized GCS client with bucket elucide
[2025-01-26 15:37:14] INFO [sync_storage] [sync_storage.py:85] Got public URL for image e1cc0509-9a53-4f53-afc5-e548756021e7
[2025-01-26 15:37:15] INFO [sync_storage] [sync_storage.py:35] Successfully initialized GCS client with bucket elucide
[2025-01-26 15:37:15] INFO [sync_storage] [sync_storage.py:85] Got public URL for image e1cc0509-9a53-4f53-afc5-e548756021e7
[2025-01-26 15:37:16] INFO [sync_storage] [sync_storage.py:35] Successfully initialized GCS client with bucket elucide
[2025-01-26 15:37:16] INFO [sync_storage] [sync_storage.py:85] Got public URL for image e1cc0509-9a53-4f53-afc5-e548756021e7
[2025-01-26 15:37:17] INFO [sync_storage] [sync_storage.py:35] Successfully initialized GCS client with bucket elucide
[2025-01-26 15:37:17] INFO [sync_storage] [sync_storage.py:85] Got public URL for image e1cc0509-9a53-4f53-afc5-e548756021e7
[2025-01-26 15:37:18] INFO [sync_storage] [sync_storage.py:35] Successfully initialized GCS client with bucket elucide
[2025-01-26 15:37:18] INFO [sync_storage] [sync_storage.py:85] Got public URL for image e1cc0509-9a53-4f53-afc5-e548756021e7
[2025-01-26 15:37:19] INFO [sync_storage] [sync_storage.py:35] Successfully initialized GCS client with bucket elucide
[2025-01-26 15:37:19] INFO [sync_storage] [sync_storage.py:85] Got public URL for image e1cc0509-9a53-4f53-afc5-e548756021e7
[2025-01-26 15:37:20] INFO [sync_storage] [sync_storage.py:35] Successfully initialized GCS client with bucket elucide
[2025-01-26 15:37:20] INFO [sync_storage] [sync_storage.py:85] Got public URL for image e1cc0509-9a53-4f53-afc5-e548756021e7
[2025-01-26 15:37:21] INFO [sync_storage] [sync_storage.py:35] Successfully initialized GCS client with bucket elucide
[2025-01-26 15:37:21] INFO [sync_storage] [sync_storage.py:85] Got public URL for image e1cc0509-9a53-4f53-afc5-e548756021e7
[2025-01-26 15:37:22] INFO [sync_storage] [sync_storage.py:35] Successfully initialized GCS client with bucket elucide
[2025-01-26 15:37:22] INFO [sync_storage] [sync_storage.py:85] Got public URL for image e1cc0509-9a53-4f53-afc5-e548756021e7
[2025-01-26 15:37:23] INFO [sync_storage] [sync_storage.py:35] Successfully initialized GCS client with bucket elucide
[2025-01-26 15:37:23] INFO [sync_storage] [sync_storage.py:85] Got public URL for image e1cc0509-9a53-4f53-afc5-e548756021e7
[2025-01-26 15:37:24] INFO [sync_storage] [sync_storage.py:35] Successfully initialized GCS client with bucket elucide
[2025-01-26 15:37:24] INFO [sync_storage] [sync_storage.py:85] Got public URL for image e1cc0509-9a53-4f53-afc5-e548756021e7
[2025-01-26 15:37:25] INFO [sync_storage] [sync_storage.py:35] Successfully initialized GCS client with bucket elucide
[2025-01-26 15:37:25] INFO [sync_storage] [sync_storage.py:85] Got public URL for image e1cc0509-9a53-4f53-afc5-e548756021e7
[2025-01-26 15:37:26] INFO [sync_storage] [sync_storage.py:35] Successfully initialized GCS client with bucket elucide
[2025-01-26 15:37:26] INFO [sync_storage] [sync_storage.py:85] Got public URL for image e1cc0509-9a53-4f53-afc5-e548756021e7
[2025-01-26 15:37:27] INFO [sync_storage] [sync_storage.py:35] Successfully initialized GCS client with bucket elucide
[2025-01-26 15:37:28] INFO [sync_storage] [sync_storage.py:85] Got public URL for image e1cc0509-9a53-4f53-afc5-e548756021e7
[2025-01-26 15:37:28] INFO [sync_storage] [sync_storage.py:35] Successfully initialized GCS client with bucket elucide
[2025-01-26 15:37:28] INFO [sync_storage] [sync_storage.py:85] Got public URL for image e1cc0509-9a53-4f53-afc5-e548756021e7
[2025-01-26 15:39:37] INFO [sync_storage] [sync_storage.py:35] Successfully initialized GCS client with bucket elucide
[2025-01-26 15:39:38] INFO [sync_storage] [sync_storage.py:35] Successfully initialized GCS client with bucket elucide
[2025-01-26 15:39:44] INFO [sync_storage] [sync_storage.py:89] Generated signed URL for image 689d8d7d-d337-4d8d-92bb-797b4881eac3
[2025-01-26 15:39:46] INFO [sync_storage] [sync_storage.py:35] Successfully initialized GCS client with bucket elucide
[2025-01-26 15:39:46] INFO [sync_storage] [sync_storage.py:85] Got public URL for image 689d8d7d-d337-4d8d-92bb-797b4881eac3
[2025-01-26 15:39:47] INFO [sync_storage] [sync_storage.py:35] Successfully initialized GCS client with bucket elucide
[2025-01-26 15:39:47] INFO [sync_storage] [sync_storage.py:85] Got public URL for image 689d8d7d-d337-4d8d-92bb-797b4881eac3
[2025-01-26 15:39:48] INFO [sync_storage] [sync_storage.py:35] Successfully initialized GCS client with bucket elucide
[2025-01-26 15:39:48] INFO [sync_storage] [sync_storage.py:85] Got public URL for image 689d8d7d-d337-4d8d-92bb-797b4881eac3
[2025-01-26 15:39:49] INFO [sync_storage] [sync_storage.py:35] Successfully initialized GCS client with bucket elucide
[2025-01-26 15:39:49] INFO [sync_storage] [sync_storage.py:85] Got public URL for image 689d8d7d-d337-4d8d-92bb-797b4881eac3
[2025-01-26 15:39:50] INFO [sync_storage] [sync_storage.py:35] Successfully initialized GCS client with bucket elucide
[2025-01-26 15:39:50] INFO [sync_storage] [sync_storage.py:85] Got public URL for image 689d8d7d-d337-4d8d-92bb-797b4881eac3
[2025-01-26 15:39:51] INFO [sync_storage] [sync_storage.py:35] Successfully initialized GCS client with bucket elucide
[2025-01-26 15:39:51] INFO [sync_storage] [sync_storage.py:85] Got public URL for image 689d8d7d-d337-4d8d-92bb-797b4881eac3
[2025-01-26 15:39:52] INFO [sync_storage] [sync_storage.py:35] Successfully initialized GCS client with bucket elucide
[2025-01-26 15:39:52] ERROR [sync_storage] [sync_storage.py:61] Failed to get public URL for users/user_2rUfnyh68uZAwot0qzRLALTdVOc/images/689d8d7d-d337-4d8d-92bb-797b4881eac3/japan-vintage-3.jpg: 429 PATCH https://storage.googleapis.com/storage/v1/b/elucide/o/users%2Fuser_2rUfnyh68uZAwot0qzRLALTdVOc%2Fimages%2F689d8d7d-d337-4d8d-92bb-797b4881eac3%2Fjapan-vintage-3.jpg?projection=full&prettyPrint=false: The object elucide/users/user_2rUfnyh68uZAwot0qzRLALTdVOc/images/689d8d7d-d337-4d8d-92bb-797b4881eac3/japan-vintage-3.jpg exceeded the rate limit for object mutation operations (create, update, and delete). Please reduce your request rate. See https://cloud.google.com/storage/docs/gcs429.
[2025-01-26 15:39:52] INFO [sync_storage] [sync_storage.py:85] Got public URL for image 689d8d7d-d337-4d8d-92bb-797b4881eac3
[2025-01-26 15:39:53] INFO [sync_storage] [sync_storage.py:35] Successfully initialized GCS client with bucket elucide
[2025-01-26 15:39:53] INFO [sync_storage] [sync_storage.py:85] Got public URL for image 689d8d7d-d337-4d8d-92bb-797b4881eac3
[2025-01-26 15:39:54] INFO [sync_storage] [sync_storage.py:35] Successfully initialized GCS client with bucket elucide
[2025-01-26 15:39:54] INFO [sync_storage] [sync_storage.py:85] Got public URL for image 689d8d7d-d337-4d8d-92bb-797b4881eac3
[2025-01-26 15:41:48] INFO [sync_storage] [sync_storage.py:35] Successfully initialized GCS client with bucket elucide
[2025-01-26 15:41:48] INFO [sync_storage] [sync_storage.py:35] Successfully initialized GCS client with bucket elucide
[2025-01-26 15:41:59] INFO [sync_storage] [sync_storage.py:89] Generated signed URL for image e7e36744-d0de-4292-8743-5d508c8b73b0
[2025-01-26 15:42:00] INFO [sync_storage] [sync_storage.py:35] Successfully initialized GCS client with bucket elucide
[2025-01-26 15:42:01] INFO [sync_storage] [sync_storage.py:85] Got public URL for image e7e36744-d0de-4292-8743-5d508c8b73b0
[2025-01-26 15:42:01] INFO [sync_storage] [sync_storage.py:35] Successfully initialized GCS client with bucket elucide
[2025-01-26 15:42:02] INFO [sync_storage] [sync_storage.py:85] Got public URL for image e7e36744-d0de-4292-8743-5d508c8b73b0
[2025-01-26 15:42:02] INFO [sync_storage] [sync_storage.py:35] Successfully initialized GCS client with bucket elucide
[2025-01-26 15:42:03] INFO [sync_storage] [sync_storage.py:85] Got public URL for image e7e36744-d0de-4292-8743-5d508c8b73b0
[2025-01-26 15:42:03] INFO [sync_storage] [sync_storage.py:35] Successfully initialized GCS client with bucket elucide
[2025-01-26 15:42:04] INFO [sync_storage] [sync_storage.py:85] Got public URL for image e7e36744-d0de-4292-8743-5d508c8b73b0
[2025-01-26 15:42:04] INFO [sync_storage] [sync_storage.py:35] Successfully initialized GCS client with bucket elucide
[2025-01-26 15:42:05] INFO [sync_storage] [sync_storage.py:85] Got public URL for image e7e36744-d0de-4292-8743-5d508c8b73b0
[2025-01-26 15:42:05] INFO [sync_storage] [sync_storage.py:35] Successfully initialized GCS client with bucket elucide
[2025-01-26 15:42:06] INFO [sync_storage] [sync_storage.py:85] Got public URL for image e7e36744-d0de-4292-8743-5d508c8b73b0
[2025-01-26 15:42:06] INFO [sync_storage] [sync_storage.py:35] Successfully initialized GCS client with bucket elucide
[2025-01-26 15:42:07] INFO [sync_storage] [sync_storage.py:85] Got public URL for image e7e36744-d0de-4292-8743-5d508c8b73b0
[2025-01-26 15:42:07] INFO [sync_storage] [sync_storage.py:35] Successfully initialized GCS client with bucket elucide
[2025-01-26 15:42:08] INFO [sync_storage] [sync_storage.py:85] Got public URL for image e7e36744-d0de-4292-8743-5d508c8b73b0
[2025-01-26 15:42:08] INFO [sync_storage] [sync_storage.py:35] Successfully initialized GCS client with bucket elucide
[2025-01-26 15:42:09] INFO [sync_storage] [sync_storage.py:85] Got public URL for image e7e36744-d0de-4292-8743-5d508c8b73b0
[2025-01-26 15:53:22] INFO [sync_storage] [sync_storage.py:35] Successfully initialized GCS client with bucket elucide
[2025-01-26 15:53:23] INFO [sync_storage] [sync_storage.py:35] Successfully initialized GCS client with bucket elucide
[2025-01-26 15:53:30] INFO [sync_storage] [sync_storage.py:89] Generated signed URL for image 37bebe83-20db-4b89-9b8c-75f11a536c23
[2025-01-26 15:53:32] INFO [sync_storage] [sync_storage.py:35] Successfully initialized GCS client with bucket elucide
[2025-01-26 15:53:32] INFO [sync_storage] [sync_storage.py:85] Got public URL for image 37bebe83-20db-4b89-9b8c-75f11a536c23
[2025-01-26 15:53:33] INFO [sync_storage] [sync_storage.py:35] Successfully initialized GCS client with bucket elucide
[2025-01-26 15:53:33] INFO [sync_storage] [sync_storage.py:85] Got public URL for image 37bebe83-20db-4b89-9b8c-75f11a536c23
[2025-01-26 15:53:34] INFO [sync_storage] [sync_storage.py:35] Successfully initialized GCS client with bucket elucide
[2025-01-26 15:53:34] INFO [sync_storage] [sync_storage.py:85] Got public URL for image 37bebe83-20db-4b89-9b8c-75f11a536c23
[2025-01-26 15:53:35] INFO [sync_storage] [sync_storage.py:35] Successfully initialized GCS client with bucket elucide
[2025-01-26 15:53:35] INFO [sync_storage] [sync_storage.py:85] Got public URL for image 37bebe83-20db-4b89-9b8c-75f11a536c23
[2025-01-26 15:53:36] INFO [sync_storage] [sync_storage.py:35] Successfully initialized GCS client with bucket elucide
[2025-01-26 15:53:36] INFO [sync_storage] [sync_storage.py:85] Got public URL for image 37bebe83-20db-4b89-9b8c-75f11a536c23
[2025-01-26 15:53:37] INFO [sync_storage] [sync_storage.py:35] Successfully initialized GCS client with bucket elucide
[2025-01-26 15:53:37] INFO [sync_storage] [sync_storage.py:85] Got public URL for image 37bebe83-20db-4b89-9b8c-75f11a536c23
[2025-01-26 15:53:38] INFO [sync_storage] [sync_storage.py:35] Successfully initialized GCS client with bucket elucide
[2025-01-26 15:53:38] INFO [sync_storage] [sync_storage.py:85] Got public URL for image 37bebe83-20db-4b89-9b8c-75f11a536c23
[2025-01-26 15:53:38] INFO [sync_storage] [sync_storage.py:35] Successfully initialized GCS client with bucket elucide
[2025-01-26 15:53:39] INFO [sync_storage] [sync_storage.py:85] Got public URL for image 37bebe83-20db-4b89-9b8c-75f11a536c23
[2025-01-26 15:53:40] INFO [sync_storage] [sync_storage.py:35] Successfully initialized GCS client with bucket elucide
[2025-01-26 15:53:40] INFO [sync_storage] [sync_storage.py:85] Got public URL for image 37bebe83-20db-4b89-9b8c-75f11a536c23
[2025-01-26 15:53:41] INFO [sync_storage] [sync_storage.py:35] Successfully initialized GCS client with bucket elucide
[2025-01-26 15:53:41] INFO [sync_storage] [sync_storage.py:85] Got public URL for image 37bebe83-20db-4b89-9b8c-75f11a536c23
[2025-01-26 15:56:48] INFO [sync_storage] [sync_storage.py:35] Successfully initialized GCS client with bucket elucide
[2025-01-26 15:56:48] INFO [sync_storage] [sync_storage.py:35] Successfully initialized GCS client with bucket elucide
[2025-01-26 15:56:54] INFO [sync_storage] [sync_storage.py:89] Generated signed URL for image a4c6a112-5be7-4676-af9f-79c3374bb009
[2025-01-26 15:56:54] INFO [sync_storage] [sync_storage.py:35] Successfully initialized GCS client with bucket elucide
[2025-01-26 15:56:55] INFO [sync_storage] [sync_storage.py:85] Got public URL for image a4c6a112-5be7-4676-af9f-79c3374bb009
[2025-01-26 16:18:46] INFO [sync_storage] [sync_storage.py:35] Successfully initialized GCS client with bucket elucide
[2025-01-26 16:18:46] INFO [sync_storage] [sync_storage.py:35] Successfully initialized GCS client with bucket elucide
[2025-01-26 16:18:52] INFO [sync_storage] [sync_storage.py:89] Generated signed URL for image a5f4e269-d204-4b39-a093-5db9e0499418
[2025-01-26 16:22:28] INFO [sync_storage] [sync_storage.py:35] Successfully initialized GCS client with bucket elucide
[2025-01-26 16:22:28] INFO [sync_storage] [sync_storage.py:35] Successfully initialized GCS client with bucket elucide
[2025-01-26 16:22:33] INFO [sync_storage] [sync_storage.py:89] Generated signed URL for image 71bf049b-cdf4-48ea-87a4-d137a60e16e0
[2025-01-26 16:22:34] INFO [sync_storage] [sync_storage.py:35] Successfully initialized GCS client with bucket elucide
[2025-01-26 16:22:35] INFO [sync_storage] [sync_storage.py:85] Got public URL for image 71bf049b-cdf4-48ea-87a4-d137a60e16e0
[2025-01-26 16:22:35] INFO [sync_storage] [sync_storage.py:35] Successfully initialized GCS client with bucket elucide
[2025-01-26 16:22:36] INFO [sync_storage] [sync_storage.py:85] Got public URL for image 71bf049b-cdf4-48ea-87a4-d137a60e16e0
[2025-01-26 16:22:36] INFO [sync_storage] [sync_storage.py:35] Successfully initialized GCS client with bucket elucide
[2025-01-26 16:22:37] INFO [sync_storage] [sync_storage.py:85] Got public URL for image 71bf049b-cdf4-48ea-87a4-d137a60e16e0
[2025-01-26 16:22:37] INFO [sync_storage] [sync_storage.py:35] Successfully initialized GCS client with bucket elucide
[2025-01-26 16:22:38] INFO [sync_storage] [sync_storage.py:85] Got public URL for image 71bf049b-cdf4-48ea-87a4-d137a60e16e0
[2025-01-26 16:22:38] INFO [sync_storage] [sync_storage.py:35] Successfully initialized GCS client with bucket elucide
[2025-01-26 16:22:39] INFO [sync_storage] [sync_storage.py:85] Got public URL for image 71bf049b-cdf4-48ea-87a4-d137a60e16e0
[2025-01-26 16:22:39] INFO [sync_storage] [sync_storage.py:35] Successfully initialized GCS client with bucket elucide
[2025-01-26 16:22:40] INFO [sync_storage] [sync_storage.py:85] Got public URL for image 71bf049b-cdf4-48ea-87a4-d137a60e16e0
[2025-01-26 16:22:40] INFO [sync_storage] [sync_storage.py:35] Successfully initialized GCS client with bucket elucide
[2025-01-26 16:22:41] INFO [sync_storage] [sync_storage.py:85] Got public URL for image 71bf049b-cdf4-48ea-87a4-d137a60e16e0
[2025-01-26 16:25:07] INFO [sync_storage] [sync_storage.py:35] Successfully initialized GCS client with bucket elucide
[2025-01-26 16:25:07] INFO [sync_storage] [sync_storage.py:35] Successfully initialized GCS client with bucket elucide
[2025-01-26 16:25:11] INFO [sync_storage] [sync_storage.py:89] Generated signed URL for image 3d86cc23-ad9d-47f6-9658-5856550c88f5
[2025-01-26 16:25:11] INFO [sync_storage] [sync_storage.py:35] Successfully initialized GCS client with bucket elucide
[2025-01-26 16:25:12] INFO [sync_storage] [sync_storage.py:85] Got public URL for image 3d86cc23-ad9d-47f6-9658-5856550c88f5
[2025-01-26 16:25:12] INFO [sync_storage] [sync_storage.py:35] Successfully initialized GCS client with bucket elucide
[2025-01-26 16:25:13] INFO [sync_storage] [sync_storage.py:85] Got public URL for image 3d86cc23-ad9d-47f6-9658-5856550c88f5
[2025-01-26 16:25:13] INFO [sync_storage] [sync_storage.py:35] Successfully initialized GCS client with bucket elucide
[2025-01-26 16:25:14] INFO [sync_storage] [sync_storage.py:85] Got public URL for image 3d86cc23-ad9d-47f6-9658-5856550c88f5
[2025-01-26 16:25:14] INFO [sync_storage] [sync_storage.py:35] Successfully initialized GCS client with bucket elucide
[2025-01-26 16:25:15] INFO [sync_storage] [sync_storage.py:85] Got public URL for image 3d86cc23-ad9d-47f6-9658-5856550c88f5
[2025-01-26 16:25:15] INFO [sync_storage] [sync_storage.py:35] Successfully initialized GCS client with bucket elucide
[2025-01-26 16:25:16] INFO [sync_storage] [sync_storage.py:85] Got public URL for image 3d86cc23-ad9d-47f6-9658-5856550c88f5
[2025-01-26 16:25:16] INFO [sync_storage] [sync_storage.py:35] Successfully initialized GCS client with bucket elucide
[2025-01-26 16:25:17] INFO [sync_storage] [sync_storage.py:85] Got public URL for image 3d86cc23-ad9d-47f6-9658-5856550c88f5
[2025-01-26 16:25:17] INFO [sync_storage] [sync_storage.py:35] Successfully initialized GCS client with bucket elucide
[2025-01-26 16:25:18] INFO [sync_storage] [sync_storage.py:85] Got public URL for image 3d86cc23-ad9d-47f6-9658-5856550c88f5
[2025-01-26 16:25:18] INFO [sync_storage] [sync_storage.py:35] Successfully initialized GCS client with bucket elucide
[2025-01-26 16:25:19] INFO [sync_storage] [sync_storage.py:85] Got public URL for image 3d86cc23-ad9d-47f6-9658-5856550c88f5
[2025-01-26 16:25:19] INFO [sync_storage] [sync_storage.py:35] Successfully initialized GCS client with bucket elucide
[2025-01-26 16:25:20] INFO [sync_storage] [sync_storage.py:85] Got public URL for image 3d86cc23-ad9d-47f6-9658-5856550c88f5
[2025-01-26 16:25:20] INFO [sync_storage] [sync_storage.py:35] Successfully initialized GCS client with bucket elucide
[2025-01-26 16:25:21] INFO [sync_storage] [sync_storage.py:85] Got public URL for image 3d86cc23-ad9d-47f6-9658-5856550c88f5
[2025-01-26 16:25:21] INFO [sync_storage] [sync_storage.py:35] Successfully initialized GCS client with bucket elucide
[2025-01-26 16:25:22] INFO [sync_storage] [sync_storage.py:85] Got public URL for image 3d86cc23-ad9d-47f6-9658-5856550c88f5
[2025-01-26 16:25:22] INFO [sync_storage] [sync_storage.py:35] Successfully initialized GCS client with bucket elucide
[2025-01-26 16:25:23] INFO [sync_storage] [sync_storage.py:85] Got public URL for image 3d86cc23-ad9d-47f6-9658-5856550c88f5
[2025-01-26 16:25:23] INFO [sync_storage] [sync_storage.py:35] Successfully initialized GCS client with bucket elucide
[2025-01-26 16:25:24] INFO [sync_storage] [sync_storage.py:85] Got public URL for image 3d86cc23-ad9d-47f6-9658-5856550c88f5
[2025-01-26 16:25:24] INFO [sync_storage] [sync_storage.py:35] Successfully initialized GCS client with bucket elucide
[2025-01-26 16:25:25] INFO [sync_storage] [sync_storage.py:85] Got public URL for image 3d86cc23-ad9d-47f6-9658-5856550c88f5
[2025-01-26 16:25:25] INFO [sync_storage] [sync_storage.py:35] Successfully initialized GCS client with bucket elucide
[2025-01-26 16:25:26] INFO [sync_storage] [sync_storage.py:85] Got public URL for image 3d86cc23-ad9d-47f6-9658-5856550c88f5
[2025-01-26 16:25:26] INFO [sync_storage] [sync_storage.py:35] Successfully initialized GCS client with bucket elucide
[2025-01-26 16:25:27] INFO [sync_storage] [sync_storage.py:85] Got public URL for image 3d86cc23-ad9d-47f6-9658-5856550c88f5
[2025-01-26 16:25:27] INFO [sync_storage] [sync_storage.py:35] Successfully initialized GCS client with bucket elucide
[2025-01-26 16:25:28] INFO [sync_storage] [sync_storage.py:85] Got public URL for image 3d86cc23-ad9d-47f6-9658-5856550c88f5
[2025-01-26 16:25:28] INFO [sync_storage] [sync_storage.py:35] Successfully initialized GCS client with bucket elucide
[2025-01-26 16:25:29] INFO [sync_storage] [sync_storage.py:85] Got public URL for image 3d86cc23-ad9d-47f6-9658-5856550c88f5
[2025-01-26 16:25:29] INFO [sync_storage] [sync_storage.py:35] Successfully initialized GCS client with bucket elucide
[2025-01-26 16:25:30] INFO [sync_storage] [sync_storage.py:85] Got public URL for image 3d86cc23-ad9d-47f6-9658-5856550c88f5
[2025-01-26 16:25:30] INFO [sync_storage] [sync_storage.py:35] Successfully initialized GCS client with bucket elucide
[2025-01-26 16:25:31] INFO [sync_storage] [sync_storage.py:85] Got public URL for image 3d86cc23-ad9d-47f6-9658-5856550c88f5
[2025-01-26 16:25:31] INFO [sync_storage] [sync_storage.py:35] Successfully initialized GCS client with bucket elucide
[2025-01-26 16:25:32] INFO [sync_storage] [sync_storage.py:85] Got public URL for image 3d86cc23-ad9d-47f6-9658-5856550c88f5
[2025-01-26 16:25:32] INFO [sync_storage] [sync_storage.py:35] Successfully initialized GCS client with bucket elucide
[2025-01-26 16:25:33] INFO [sync_storage] [sync_storage.py:85] Got public URL for image 3d86cc23-ad9d-47f6-9658-5856550c88f5
[2025-01-26 16:25:33] INFO [sync_storage] [sync_storage.py:35] Successfully initialized GCS client with bucket elucide
[2025-01-26 16:25:34] INFO [sync_storage] [sync_storage.py:85] Got public URL for image 3d86cc23-ad9d-47f6-9658-5856550c88f5
[2025-01-26 16:25:34] INFO [sync_storage] [sync_storage.py:35] Successfully initialized GCS client with bucket elucide
[2025-01-26 16:25:35] INFO [sync_storage] [sync_storage.py:85] Got public URL for image 3d86cc23-ad9d-47f6-9658-5856550c88f5
[2025-01-26 16:25:35] INFO [sync_storage] [sync_storage.py:35] Successfully initialized GCS client with bucket elucide
[2025-01-26 16:25:36] INFO [sync_storage] [sync_storage.py:85] Got public URL for image 3d86cc23-ad9d-47f6-9658-5856550c88f5
[2025-01-26 16:25:36] INFO [sync_storage] [sync_storage.py:35] Successfully initialized GCS client with bucket elucide
[2025-01-26 16:25:37] INFO [sync_storage] [sync_storage.py:85] Got public URL for image 3d86cc23-ad9d-47f6-9658-5856550c88f5
[2025-01-26 16:25:37] INFO [sync_storage] [sync_storage.py:35] Successfully initialized GCS client with bucket elucide
[2025-01-26 16:25:38] INFO [sync_storage] [sync_storage.py:85] Got public URL for image 3d86cc23-ad9d-47f6-9658-5856550c88f5
[2025-01-26 16:27:26] INFO [sync_storage] [sync_storage.py:35] Successfully initialized GCS client with bucket elucide
[2025-01-26 16:27:26] INFO [sync_storage] [sync_storage.py:35] Successfully initialized GCS client with bucket elucide
[2025-01-26 16:27:34] INFO [sync_storage] [sync_storage.py:89] Generated signed URL for image 2e9b5cad-2e5b-4026-a240-171fc310385d
[2025-01-26 16:27:34] INFO [sync_storage] [sync_storage.py:35] Successfully initialized GCS client with bucket elucide
[2025-01-26 16:27:35] INFO [sync_storage] [sync_storage.py:85] Got public URL for image 2e9b5cad-2e5b-4026-a240-171fc310385d
[2025-01-26 16:27:35] INFO [sync_storage] [sync_storage.py:35] Successfully initialized GCS client with bucket elucide
[2025-01-26 16:27:36] INFO [sync_storage] [sync_storage.py:85] Got public URL for image 2e9b5cad-2e5b-4026-a240-171fc310385d
[2025-01-26 16:27:36] INFO [sync_storage] [sync_storage.py:35] Successfully initialized GCS client with bucket elucide
[2025-01-26 16:27:37] INFO [sync_storage] [sync_storage.py:85] Got public URL for image 2e9b5cad-2e5b-4026-a240-171fc310385d
[2025-01-26 16:27:37] INFO [sync_storage] [sync_storage.py:35] Successfully initialized GCS client with bucket elucide
[2025-01-26 16:27:38] INFO [sync_storage] [sync_storage.py:85] Got public URL for image 2e9b5cad-2e5b-4026-a240-171fc310385d
[2025-01-26 16:27:38] INFO [sync_storage] [sync_storage.py:35] Successfully initialized GCS client with bucket elucide
[2025-01-26 16:27:39] INFO [sync_storage] [sync_storage.py:85] Got public URL for image 2e9b5cad-2e5b-4026-a240-171fc310385d
[2025-01-26 16:27:39] INFO [sync_storage] [sync_storage.py:35] Successfully initialized GCS client with bucket elucide
[2025-01-26 16:27:40] INFO [sync_storage] [sync_storage.py:85] Got public URL for image 2e9b5cad-2e5b-4026-a240-171fc310385d
[2025-01-26 16:27:40] INFO [sync_storage] [sync_storage.py:35] Successfully initialized GCS client with bucket elucide
[2025-01-26 16:27:41] INFO [sync_storage] [sync_storage.py:85] Got public URL for image 2e9b5cad-2e5b-4026-a240-171fc310385d
[2025-01-26 16:27:41] INFO [sync_storage] [sync_storage.py:35] Successfully initialized GCS client with bucket elucide
[2025-01-26 16:27:42] INFO [sync_storage] [sync_storage.py:85] Got public URL for image 2e9b5cad-2e5b-4026-a240-171fc310385d
[2025-01-26 16:44:43] INFO [sync_storage] [sync_storage.py:35] Successfully initialized GCS client with bucket elucide
[2025-01-26 16:45:07] INFO [sync_storage] [sync_storage.py:35] Successfully initialized GCS client with bucket elucide
[2025-01-26 16:45:07] INFO [sync_storage] [sync_storage.py:35] Successfully initialized GCS client with bucket elucide
[2025-01-26 16:45:09] INFO [sync_storage] [sync_storage.py:85] Got public URL for image cbb55627-721a-4765-93a7-09a04c4d013e
[2025-01-26 16:55:17] INFO [sync_storage] [sync_storage.py:35] Successfully initialized GCS client with bucket elucide
[2025-01-26 16:55:17] INFO [sync_storage] [sync_storage.py:35] Successfully initialized GCS client with bucket elucide
[2025-01-26 16:55:18] INFO [sync_storage] [sync_storage.py:85] Got public URL for image 71520a59-f886-419a-9d47-418fb5496699
[2025-01-26 16:59:50] INFO [sync_storage] [sync_storage.py:35] Successfully initialized GCS client with bucket elucide
[2025-01-26 17:02:56] INFO [sync_storage] [sync_storage.py:35] Successfully initialized GCS client with bucket elucide
[2025-01-26 17:06:35] INFO [sync_storage] [sync_storage.py:35] Successfully initialized GCS client with bucket elucide
[2025-01-26 17:06:49] INFO [sync_storage] [sync_storage.py:35] Successfully initialized GCS client with bucket elucide
[2025-01-26 17:10:31] INFO [sync_storage] [sync_storage.py:35] Successfully initialized GCS client with bucket elucide
[2025-01-26 17:12:52] INFO [sync_storage] [sync_storage.py:35] Successfully initialized GCS client with bucket elucide
[2025-01-26 17:13:49] INFO [sync_storage] [sync_storage.py:35] Successfully initialized GCS client with bucket elucide
[2025-01-26 17:17:18] INFO [sync_storage] [sync_storage.py:35] Successfully initialized GCS client with bucket elucide
[2025-01-26 17:20:30] INFO [sync_storage] [sync_storage.py:35] Successfully initialized GCS client with bucket elucide
[2025-01-26 17:23:18] INFO [sync_storage] [sync_storage.py:35] Successfully initialized GCS client with bucket elucide
[2025-01-26 17:25:52] INFO [sync_storage] [sync_storage.py:35] Successfully initialized GCS client with bucket elucide
[2025-01-26 17:29:02] INFO [sync_storage] [sync_storage.py:35] Successfully initialized GCS client with bucket elucide
[2025-01-26 17:34:54] INFO [sync_storage] [sync_storage.py:35] Successfully initialized GCS client with bucket elucide
[2025-01-26 17:36:43] INFO [sync_storage] [sync_storage.py:35] Successfully initialized GCS client with bucket elucide
[2025-01-26 17:38:23] INFO [sync_storage] [sync_storage.py:35] Successfully initialized GCS client with bucket elucide
[2025-01-27 14:49:21] INFO [sync_storage] [sync_storage.py:35] Successfully initialized GCS client with bucket elucide
